<?xml version="1.0" encoding="utf-8"?><testsuites name="pytest tests"><testsuite name="pytest" errors="0" failures="0" skipped="0" tests="16" time="4.773" timestamp="2026-09-22T15:01:16.687304+03:00" hostname="localhost"><testcase classname="tests.test_shared_shrinkage" name="test_hyperconditional_matches_normal_density_and_quadrature" time="0.356" /><testcase classname="tests.test_shared_shrinkage" name="test_shared_prior_integrates_hyperparameters_and_keeps_conditional_normal" time="0.035" /><testcase classname="tests.test_shared_shrinkage" name="test_invalid_shared_specification_is_rejected[anchors0-0.5]" time="0.000" /><testcase classname="tests.test_shared_shrinkage" name="test_invalid_shared_specification_is_rejected[anchors1-0.5]" time="0.000" /><testcase classname="tests.test_shared_shrinkage" name="test_invalid_shared_specification_is_rejected[anchors2-0.5]" time="0.000" /><testcase classname="tests.test_shared_shrinkage" name="test_invalid_shared_specification_is_rejected[anchors3-0.0]" time="0.000" /><testcase classname="tests.test_shared_shrinkage" name="test_invalid_shared_specification_is_rejected[anchors4-0.5]" time="0.000" /><testcase classname="tests.test_shared_shrinkage" name="test_invalid_shared_specification_is_rejected[anchors5-0.5]" time="0.000" /><testcase classname="tests.test_shared_shrinkage" name="test_conflicting_shrinkage_and_noncentered_mean_are_rejected" time="0.001" /><testcase classname="tests.test_shared_shrinkage" name="test_identity_copula_same_hierarchy_kernel_and_unconditional_prior" time="0.527" /><testcase classname="tests.test_shared_shrinkage" name="test_parallel_mixed_copula_restart_and_chain_diagnostics" time="2.162" /><testcase classname="tests.test_shared_shrinkage" name="test_only_active_channels_in_hyperconditional" time="0.034" /><testcase classname="tests.test_shared_shrinkage" name="test_declared_calendar_origins_include_2019_and_no_silent_drops" time="0.445" /><testcase classname="tests.test_shared_shrinkage" name="test_joint_compact_reports_select_responses_without_repeating_global_tables" time="0.157" /><testcase classname="tests.test_laplace_mh" name="test_version_plan_and_configuration_contract" time="0.005" /><testcase classname="tests.test_scale_models" name="test_public_phi_api_defaults_aliases_and_roundtrips" time="0.000" /></testsuite></testsuites>