<?xml version="1.0" encoding="utf-8"?><testsuites name="pytest tests"><testsuite name="pytest" errors="0" failures="0" skipped="0" tests="26" time="5.260" timestamp="2026-09-22T16:14:33.334810+03:00" hostname="localhost"><testcase classname="tests.test_shared_shrinkage" name="test_hyperconditional_matches_normal_density_and_quadrature" time="0.277" /><testcase classname="tests.test_shared_shrinkage" name="test_shared_prior_integrates_hyperparameters_and_keeps_conditional_normal" time="0.034" /><testcase classname="tests.test_shared_shrinkage" name="test_invalid_shared_specification_is_rejected[anchors0-0.5]" time="0.000" /><testcase classname="tests.test_shared_shrinkage" name="test_invalid_shared_specification_is_rejected[anchors1-0.5]" time="0.000" /><testcase classname="tests.test_shared_shrinkage" name="test_invalid_shared_specification_is_rejected[anchors2-0.5]" time="0.000" /><testcase classname="tests.test_shared_shrinkage" name="test_invalid_shared_specification_is_rejected[anchors3-0.0]" time="0.000" /><testcase classname="tests.test_shared_shrinkage" name="test_invalid_shared_specification_is_rejected[anchors4-0.5]" time="0.000" /><testcase classname="tests.test_shared_shrinkage" name="test_invalid_shared_specification_is_rejected[anchors5-0.5]" time="0.000" /><testcase classname="tests.test_shared_shrinkage" name="test_conflicting_shrinkage_and_noncentered_mean_are_rejected" time="0.001" /><testcase classname="tests.test_shared_shrinkage" name="test_identity_copula_same_hierarchy_kernel_and_unconditional_prior" time="0.377" /><testcase classname="tests.test_shared_shrinkage" name="test_parallel_mixed_copula_restart_and_chain_diagnostics" time="2.242" /><testcase classname="tests.test_shared_shrinkage" name="test_only_active_channels_in_hyperconditional" time="0.035" /><testcase classname="tests.test_shared_shrinkage" name="test_declared_calendar_origins_include_2019_and_no_silent_drops" time="0.073" /><testcase classname="tests.test_shared_shrinkage" name="test_joint_compact_reports_select_responses_without_repeating_global_tables" time="0.128" /><testcase classname="tests.test_seasonal_shrinkage_workflow" name="test_seasonal_hyperprior_maps_to_season_coefficient_only" time="0.014" /><testcase classname="tests.test_seasonal_shrinkage_workflow" name="test_documented_experiments_resolve_through_2026[pilot-4]" time="0.059" /><testcase classname="tests.test_seasonal_shrinkage_workflow" name="test_documented_experiments_resolve_through_2026[seasonality-4]" time="0.059" /><testcase classname="tests.test_seasonal_shrinkage_workflow" name="test_documented_experiments_resolve_through_2026[dependence-2]" time="0.060" /><testcase classname="tests.test_seasonal_shrinkage_workflow" name="test_documented_experiments_resolve_through_2026[adequacy-3]" time="0.057" /><testcase classname="tests.test_seasonal_shrinkage_workflow" name="test_documented_experiments_resolve_through_2026[reviewer_sensitivity-12]" time="0.063" /><testcase classname="tests.test_seasonal_shrinkage_workflow" name="test_documented_experiments_resolve_through_2026[confirm-2]" time="0.057" /><testcase classname="tests.test_seasonal_shrinkage_workflow" name="test_seasonal_candidates_isolate_pooling_and_anchor_changes" time="0.004" /><testcase classname="tests.test_seasonal_shrinkage_workflow" name="test_static_seasonal_check_retains_initial_pattern_without_a_seasonal_hyperparameter" time="0.189" /><testcase classname="tests.test_seasonal_shrinkage_workflow" name="test_shared_comparison_plot_handles_two_and_three_component_hierarchies" time="0.280" /><testcase classname="tests.test_historical_archives" name="test_real_v1_5_2_archive_loads_forecasts_and_resaves[gaussian]" time="0.013" /><testcase classname="tests.test_historical_archives" name="test_real_v1_5_2_archive_loads_forecasts_and_resaves[gev]" time="0.016" /></testsuite></testsuites>