<?xml version="1.0" encoding="utf-8"?><testsuites name="pytest tests"><testsuite name="pytest" errors="0" failures="0" skipped="0" tests="25" time="8.137" timestamp="2026-09-16T23:14:27.359605+02:00" hostname="localhost"><testcase classname="installed-tests-1.7.0.test_calendar_forecasts" name="test_gaussian_annual_mean_day_weights_and_conditional_noise_variance" time="0.004" /><testcase classname="installed-tests-1.7.0.test_calendar_forecasts" name="test_partial_2026_is_omitted_and_djf_uses_ending_year" time="0.006" /><testcase classname="installed-tests-1.7.0.test_calendar_forecasts" name="test_no_complete_year_returns_empty_not_a_fake_annual_value" time="0.003" /><testcase classname="installed-tests-1.7.0.test_calendar_forecasts" name="test_gev_aggregate_risks_use_original_orientation_and_common_draw[upper-max]" time="0.003" /><testcase classname="installed-tests-1.7.0.test_calendar_forecasts" name="test_gev_aggregate_risks_use_original_orientation_and_common_draw[lower-min]" time="0.002" /><testcase classname="installed-tests-1.7.0.test_calendar_forecasts" name="test_joint_and_separate_marginal_aggregation_agree" time="0.005" /><testcase classname="installed-tests-1.7.0.test_calendar_forecasts" name="test_mean_risk_is_distinct_from_at_least_one_exceedance" time="0.002" /><testcase classname="installed-tests-1.7.0.test_calendar_forecasts" name="test_nonmonthly_calendar_inputs_are_rejected[dates0]" time="0.001" /><testcase classname="installed-tests-1.7.0.test_calendar_forecasts" name="test_nonmonthly_calendar_inputs_are_rejected[dates1]" time="0.001" /><testcase classname="installed-tests-1.7.0.test_calendar_forecasts" name="test_nonmonthly_calendar_inputs_are_rejected[dates2]" time="0.001" /><testcase classname="installed-tests-1.7.0.test_calendar_forecasts" name="test_custom_months_and_risk_direction_validation" time="0.002" /><testcase classname="installed-tests-1.7.0.test_calendar_forecasts" name="test_month_risk_summaries_integrate_probabilities_not_simulated_events" time="0.002" /><testcase classname="installed-tests-1.7.0.test_calendar_risk" name="test_annual_risk_uses_only_complete_calendar_years_without_seasonality" time="0.043" /><testcase classname="installed-tests-1.7.0.test_calendar_risk" name="test_annual_risk_requires_explicit_partial_year_opt_in" time="0.016" /><testcase classname="installed-tests-1.7.0.test_parameter_evolution" name="test_named_declarations_and_explicit_unsupported_parameters" time="0.000" /><testcase classname="installed-tests-1.7.0.test_parameter_evolution" name="test_scale_slope_conditional_matches_independent_quadrature[gaussian]" time="1.222" /><testcase classname="installed-tests-1.7.0.test_parameter_evolution" name="test_scale_slope_conditional_matches_independent_quadrature[gev]" time="3.411" /><testcase classname="installed-tests-1.7.0.test_parameter_evolution" name="test_structural_scale_forecast_propagates_level_and_slope_noise" time="0.843" /><testcase classname="installed-tests-1.7.0.test_parameter_evolution" name="test_mixed_copula_scale_evolution_roundtrip_and_components[normal]" time="0.534" /><testcase classname="installed-tests-1.7.0.test_parameter_evolution" name="test_mixed_copula_scale_evolution_roundtrip_and_components[lasso]" time="0.554" /><testcase classname="installed-tests-1.7.0.test_parameter_evolution" name="test_mixed_copula_scale_evolution_roundtrip_and_components[triple_gamma]" time="0.622" /><testcase classname="installed-tests-1.7.0.test_parameter_evolution" name="test_structural_scale_simulation_rejects_missing_process_parameters" time="0.002" /><testcase classname="installed-tests-1.7.0.test_period_estimands" name="test_monthly_period_average_does_not_silently_use_partial_periods" time="0.002" /><testcase classname="installed-tests-1.7.0.test_period_estimands" name="test_period_contrasts_preserve_joint_cancellation" time="0.004" /><testcase classname="installed-tests-1.7.0.test_period_estimands" name="test_constant_or_short_chains_are_not_reported_as_converged" time="0.001" /></testsuite></testsuites>