<?xml version="1.0" encoding="utf-8"?><testsuites name="pytest tests"><testsuite name="pytest" errors="0" failures="0" skipped="0" tests="10" time="1.667" timestamp="2026-09-15T03:07:50.244983+08:00" hostname="localhost"><testcase classname="tests.test_marginal_copula_fs" name="test_conditional_margin_is_a_density_with_correct_curvature[observation0-None]" time="0.002" /><testcase classname="tests.test_marginal_copula_fs" name="test_conditional_margin_is_a_density_with_correct_curvature[observation1--0.35]" time="0.002" /><testcase classname="tests.test_marginal_copula_fs" name="test_conditional_margin_is_a_density_with_correct_curvature[observation2-0.3]" time="0.002" /><testcase classname="tests.test_marginal_copula_fs" name="test_conditional_margin_is_a_density_with_correct_curvature[observation3-0.0]" time="0.002" /><testcase classname="tests.test_marginal_copula_fs" name="test_conditional_scores_reflect_minima" time="0.001" /><testcase classname="tests.test_marginal_copula_fs" name="test_mixed_copula_seasonal_prediction_density_and_archive" time="0.284" /><testcase classname="tests.test_marginal_copula_fs" name="test_univariate_seasonal_api_dates_and_warm_start" time="0.076" /><testcase classname="tests.test_marginal_copula_fs" name="test_fixed_identity_copula_equals_independent_private_kernel" time="0.329" /><testcase classname="tests.test_marginal_copula_fs" name="test_support_contract_rejects_unsupported_scale_and_missing_data" time="0.188" /><testcase classname="tests.test_score_comparison" name="test_paired_blocks_preserve_within_block_repetition" time="0.001" /></testsuite></testsuites>