<?xml version="1.0" encoding="utf-8"?><testsuites name="pytest tests"><testsuite name="pytest" errors="0" failures="0" skipped="0" tests="21" time="16.339" timestamp="2026-09-21T12:35:59.155138+02:00" hostname="localhost"><testcase classname="tests.test_prior_assessment" name="test_three_forecast_blocks_are_descriptive_and_whole_cases_are_paired" time="0.026" /><testcase classname="tests.test_prior_assessment" name="test_forecast_block_comparison_exposes_support_failures" time="0.021" /><testcase classname="tests.test_prior_assessment" name="test_prior_contraction_can_happen_without_a_shift" time="0.009" /><testcase classname="tests.test_prior_assessment" name="test_pilot_has_one_candidate_list_correct_dates_and_short_parallel_chains" time="0.013" /><testcase classname="tests.test_prior_assessment" name="test_sensitivity_paths_are_saved_without_figures_or_full_archives" time="0.251" /><testcase classname="tests.test_parallel_chains" name="test_serial_parallel_identical_draws_and_saved_chain_axes[fs_gaussian]" time="1.052" /><testcase classname="tests.test_parallel_chains" name="test_serial_parallel_identical_draws_and_saved_chain_axes[fs_gev]" time="1.328" /><testcase classname="tests.test_parallel_chains" name="test_serial_parallel_identical_draws_and_saved_chain_axes[monthly]" time="1.213" /><testcase classname="tests.test_parallel_chains" name="test_serial_parallel_identical_draws_and_saved_chain_axes[copula]" time="1.788" /><testcase classname="tests.test_parallel_chains" name="test_serial_parallel_identical_draws_and_saved_chain_axes[disturbance]" time="1.082" /><testcase classname="tests.test_parallel_chains" name="test_serial_parallel_identical_draws_and_saved_chain_axes[hierarchy]" time="1.574" /><testcase classname="tests.test_parallel_chains" name="test_serial_parallel_identical_draws_and_saved_chain_axes[shared]" time="1.857" /><testcase classname="tests.test_parallel_chains" name="test_invalid_worker_counts_are_rejected[0]" time="0.000" /><testcase classname="tests.test_parallel_chains" name="test_invalid_worker_counts_are_rejected[-1]" time="0.000" /><testcase classname="tests.test_parallel_chains" name="test_invalid_worker_counts_are_rejected[1.5]" time="0.000" /><testcase classname="tests.test_parallel_chains" name="test_invalid_worker_counts_are_rejected[True]" time="0.000" /><testcase classname="tests.test_parallel_chains" name="test_invalid_worker_counts_are_rejected[4]" time="0.000" /><testcase classname="tests.test_parallel_chains" name="test_one_chain_caps_workers_and_keeps_seed" time="0.027" /><testcase classname="tests.test_parallel_chains" name="test_four_chains_keep_the_same_order_with_two_or_four_workers" time="2.429" /><testcase classname="tests.test_parallel_chains" name="test_parallel_errors_do_not_return_partial_posterior" time="1.104" /><testcase classname="tests.test_parallel_chains" name="test_shared_warm_start_selects_the_matching_chain" time="1.468" /></testsuite></testsuites>