<?xml version="1.0" encoding="utf-8"?><testsuites name="pytest tests"><testsuite name="pytest" errors="0" failures="0" skipped="0" tests="36" time="4.902" timestamp="2026-09-15T03:09:54.413626+08:00" hostname="localhost"><testcase classname="tests.test_marginal_copula_fs" name="test_conditional_margin_is_a_density_with_correct_curvature[observation0-None]" time="0.001" /><testcase classname="tests.test_marginal_copula_fs" name="test_conditional_margin_is_a_density_with_correct_curvature[observation1--0.35]" time="0.002" /><testcase classname="tests.test_marginal_copula_fs" name="test_conditional_margin_is_a_density_with_correct_curvature[observation2-0.3]" time="0.002" /><testcase classname="tests.test_marginal_copula_fs" name="test_conditional_margin_is_a_density_with_correct_curvature[observation3-0.0]" time="0.002" /><testcase classname="tests.test_marginal_copula_fs" name="test_conditional_scores_reflect_minima" time="0.001" /><testcase classname="tests.test_marginal_copula_fs" name="test_mixed_copula_seasonal_prediction_density_and_archive" time="0.295" /><testcase classname="tests.test_marginal_copula_fs" name="test_univariate_seasonal_api_dates_and_warm_start" time="0.107" /><testcase classname="tests.test_marginal_copula_fs" name="test_fixed_identity_copula_equals_independent_private_kernel" time="0.364" /><testcase classname="tests.test_marginal_copula_fs" name="test_support_contract_rejects_unsupported_scale_and_missing_data" time="0.192" /><testcase classname="tests.test_marginal_copula_fs" name="test_short_record_can_initialize_unobserved_seasonal_phases" time="0.024" /><testcase classname="tests.test_hierarchical_exact" name="test_exact_hierarchy_reports_evaluated_density_and_mh_uncertainty[1]" time="0.184" /><testcase classname="tests.test_hierarchical_exact" name="test_exact_hierarchy_reports_evaluated_density_and_mh_uncertainty[2]" time="0.189" /><testcase classname="tests.test_hierarchical_exact" name="test_numerical_failure_aborts_exact_hierarchy" time="0.009" /><testcase classname="tests.test_hierarchical_exact" name="test_support_rejected_proposals_are_valid_mh_rejections" time="0.047" /><testcase classname="tests.test_hierarchical_exact" name="test_retired_particle_engine_is_not_public_and_cannot_be_selected" time="0.005" /><testcase classname="tests.test_hierarchical_exact" name="test_fs_likelihood_is_named_and_matches_saved_draws[gaussian]" time="0.016" /><testcase classname="tests.test_hierarchical_exact" name="test_fs_likelihood_is_named_and_matches_saved_draws[gev]" time="0.065" /><testcase classname="tests.test_hierarchical_models" name="test_public_surface_and_hierarchical_inference_plan" time="0.008" /><testcase classname="tests.test_hierarchical_models" name="test_hierarchical_prior_modes_are_explicit_and_seasonality_is_present[selection]" time="0.001" /><testcase classname="tests.test_hierarchical_models" name="test_hierarchical_prior_modes_are_explicit_and_seasonality_is_present[slab]" time="0.000" /><testcase classname="tests.test_hierarchical_models" name="test_hierarchical_prior_modes_are_explicit_and_seasonality_is_present[both]" time="0.000" /><testcase classname="tests.test_hierarchical_models" name="test_hierarchical_gaussian_fit_is_joint_forecastable_and_serializable[selection]" time="0.854" /><testcase classname="tests.test_hierarchical_models" name="test_hierarchical_gaussian_fit_is_joint_forecastable_and_serializable[slab]" time="0.609" /><testcase classname="tests.test_hierarchical_models" name="test_hierarchical_gaussian_fit_is_joint_forecastable_and_serializable[both]" time="0.587" /><testcase classname="tests.test_hierarchical_models" name="test_mixed_hierarchy_defaults_to_exact_laplace_mh" time="0.176" /><testcase classname="tests.test_hierarchical_models" name="test_disturbance_laplace_mh_respects_singular_affine_support" time="0.139" /><testcase classname="tests.test_hierarchical_models" name="test_random_fs_sign_switches_preserve_the_complete_predictor" time="0.001" /><testcase classname="tests.test_hierarchical_models" name="test_univariate_fs_reports_audited_sign_switches" time="0.011" /><testcase classname="tests.test_hierarchical_models" name="test_uccle_hierarchy_preserves_channel_order_and_minimum_orientation" time="0.000" /><testcase classname="tests.test_hierarchical_models" name="test_level_slope_plot_uses_seasonally_adjusted_observations" time="0.097" /><testcase classname="tests.test_hierarchical_warm_starts" name="test_componentwise_selection_is_default_and_joint_space_is_explicit" time="0.001" /><testcase classname="tests.test_hierarchical_warm_starts" name="test_structural_scale_calibration_has_observable_implications" time="0.001" /><testcase classname="tests.test_hierarchical_warm_starts" name="test_mixed_hierarchical_laplace_plan_is_explicitly_approximate" time="0.004" /><testcase classname="tests.test_hierarchical_warm_starts" name="test_multiseries_progress_groups_shape_parameters_and_names_path_updates" time="0.000" /><testcase classname="tests.test_hierarchical_warm_starts" name="test_laplace_screen_warm_starts_exact_laplace_mh_and_parallel_updates" time="0.112" /><testcase classname="tests.test_hierarchical_warm_starts" name="test_vectorized_gev_kernels_match_scalar_evaluation" time="0.006" /></testsuite></testsuites>