<?xml version="1.0" encoding="utf-8"?><testsuites name="pytest tests"><testsuite name="pytest" errors="0" failures="0" skipped="0" tests="20" time="2.054" timestamp="2026-09-20T17:01:49.474073+02:00" hostname="localhost"><testcase classname="tests.test_historical_archives" name="test_real_v1_5_2_archive_loads_forecasts_and_resaves[gaussian]" time="0.015" /><testcase classname="tests.test_historical_archives" name="test_real_v1_5_2_archive_loads_forecasts_and_resaves[gev]" time="0.015" /><testcase classname="tests.test_plotting_and_warm_starts" name="test_loess_smooth_is_robust_and_preserves_missing_positions" time="0.006" /><testcase classname="tests.test_plotting_and_warm_starts" name="test_tail_comparisons_are_stationary_and_probability_matched" time="0.009" /><testcase classname="tests.test_plotting_and_warm_starts" name="test_phase_specific_season_plot_uses_only_the_seasonal_effect" time="0.053" /><testcase classname="tests.test_plotting_and_warm_starts" name="test_level_and_slope_have_separate_scientific_scales" time="0.047" /><testcase classname="tests.test_plotting_and_warm_starts" name="test_posterior_predictive_and_forecast_share_the_public_plot_api" time="0.043" /><testcase classname="tests.test_plotting_and_warm_starts" name="test_slope_can_condition_on_dynamic_draws_and_overlay_fixed_median" time="0.040" /><testcase classname="tests.test_plotting_and_warm_starts" name="test_laplace_fit_is_a_full_path_warm_start_for_laplace_mh" time="0.055" /><testcase classname="tests.test_publication_reporting" name="test_style_is_scoped_even_when_plotting_raises" time="0.001" /><testcase classname="tests.test_publication_reporting" name="test_save_figure_finishes_pdf_and_preserves_old_output_on_failure" time="0.217" /><testcase classname="tests.test_publication_reporting" name="test_monthly_pit_retains_boundaries_and_case_denominators" time="0.004" /><testcase classname="tests.test_publication_reporting" name="test_monthly_coverage_keeps_directional_quantiles_distinct" time="0.007" /><testcase classname="tests.test_publication_reporting" name="test_trace_roundtrip_preserves_chains_and_rejects_missing_draws" time="0.004" /><testcase classname="tests.test_publication_reporting" name="test_report_discovery_rejects_ambiguous_model_runs" time="0.006" /><testcase classname="tests.test_publication_reporting" name="test_interval_and_risk_labels_cannot_be_silently_changed" time="0.004" /><testcase classname="tests.test_publication_reporting" name="test_dependence_requires_exactly_aligned_dates" time="0.007" /><testcase classname="tests.test_publication_reporting" name="test_missing_traces_are_marked_and_strict_export_fails" time="0.090" /><testcase classname="tests.test_publication_reporting" name="test_report_exports_initial_slope_and_honours_save_fits_false" time="0.442" /><testcase classname="tests.test_publication_reporting" name="test_revision_margins_are_matched_and_reach_august_2026" time="0.001" /></testsuite></testsuites>