<?xml version="1.0" encoding="utf-8"?><testsuites name="pytest tests"><testsuite name="pytest" errors="0" failures="0" skipped="0" tests="21" time="0.993" timestamp="2026-09-16T12:29:48.879031+02:00" hostname="localhost"><testcase classname="tests.test_calendar_forecasts" name="test_gaussian_annual_mean_day_weights_and_conditional_noise_variance" time="0.004" /><testcase classname="tests.test_calendar_forecasts" name="test_partial_2026_is_omitted_and_djf_uses_ending_year" time="0.006" /><testcase classname="tests.test_calendar_forecasts" name="test_no_complete_year_returns_empty_not_a_fake_annual_value" time="0.003" /><testcase classname="tests.test_calendar_forecasts" name="test_gev_aggregate_risks_use_original_orientation_and_common_draw[upper-max]" time="0.003" /><testcase classname="tests.test_calendar_forecasts" name="test_gev_aggregate_risks_use_original_orientation_and_common_draw[lower-min]" time="0.003" /><testcase classname="tests.test_calendar_forecasts" name="test_joint_and_separate_marginal_aggregation_agree" time="0.005" /><testcase classname="tests.test_calendar_forecasts" name="test_mean_risk_is_distinct_from_at_least_one_exceedance" time="0.002" /><testcase classname="tests.test_calendar_forecasts" name="test_nonmonthly_calendar_inputs_are_rejected[dates0]" time="0.001" /><testcase classname="tests.test_calendar_forecasts" name="test_nonmonthly_calendar_inputs_are_rejected[dates1]" time="0.001" /><testcase classname="tests.test_calendar_forecasts" name="test_nonmonthly_calendar_inputs_are_rejected[dates2]" time="0.001" /><testcase classname="tests.test_calendar_forecasts" name="test_custom_months_and_risk_direction_validation" time="0.002" /><testcase classname="tests.test_calendar_forecasts" name="test_month_risk_summaries_integrate_probabilities_not_simulated_events" time="0.001" /><testcase classname="tests.test_calendar_risk" name="test_annual_risk_uses_only_complete_calendar_years_without_seasonality" time="0.042" /><testcase classname="tests.test_calendar_risk" name="test_annual_risk_requires_explicit_partial_year_opt_in" time="0.017" /><testcase classname="tests.test_reviewer_experiments" name="test_ssvs_prior_retains_atoms_and_sd_variance_scaling" time="0.038" /><testcase classname="tests.test_reviewer_experiments" name="test_lasso_prior_integrates_gamma_and_observation_variance" time="0.065" /><testcase classname="tests.test_reviewer_experiments" name="test_forecast_total_variance_uses_conditional_mean_and_noise" time="0.004" /><testcase classname="tests.test_reviewer_experiments" name="test_gev_boundary_shape_has_infinite_variance_but_valid_quantiles" time="0.004" /><testcase classname="tests.test_reviewer_experiments" name="test_gev_parameter_uncertainty_changes_conditional_mean_variance" time="0.003" /><testcase classname="tests.test_reviewer_experiments" name="test_annual_cdf_integrates_product_over_common_posterior_draw" time="0.002" /><testcase classname="tests.test_reviewer_experiments" name="test_annual_aggregation_rejects_partial_calendar_year" time="0.001" /></testsuite></testsuites>