<?xml version="1.0" encoding="utf-8"?><testsuites name="pytest tests"><testsuite name="pytest" errors="0" failures="0" skipped="0" tests="346" time="304.653" timestamp="2026-09-21T15:54:44.208322+02:00" hostname="localhost"><testcase classname="tests.test_calendar_forecasts" name="test_gaussian_annual_mean_day_weights_and_conditional_noise_variance" time="0.004" /><testcase classname="tests.test_calendar_forecasts" name="test_partial_2026_is_omitted_and_djf_uses_ending_year" time="0.007" /><testcase classname="tests.test_calendar_forecasts" name="test_no_complete_year_returns_empty_not_a_fake_annual_value" time="0.004" /><testcase classname="tests.test_calendar_forecasts" name="test_gev_aggregate_risks_use_original_orientation_and_common_draw[upper-max]" time="0.004" /><testcase classname="tests.test_calendar_forecasts" name="test_gev_aggregate_risks_use_original_orientation_and_common_draw[lower-min]" time="0.003" /><testcase classname="tests.test_calendar_forecasts" name="test_joint_and_separate_marginal_aggregation_agree" time="0.005" /><testcase classname="tests.test_calendar_forecasts" name="test_mean_risk_is_distinct_from_at_least_one_exceedance" time="0.003" /><testcase classname="tests.test_calendar_forecasts" name="test_nonmonthly_calendar_inputs_are_rejected[dates0]" time="0.001" /><testcase classname="tests.test_calendar_forecasts" name="test_nonmonthly_calendar_inputs_are_rejected[dates1]" time="0.001" /><testcase classname="tests.test_calendar_forecasts" name="test_nonmonthly_calendar_inputs_are_rejected[dates2]" time="0.001" /><testcase classname="tests.test_calendar_forecasts" name="test_custom_months_and_risk_direction_validation" time="0.002" /><testcase classname="tests.test_calendar_forecasts" name="test_month_risk_summaries_integrate_probabilities_not_simulated_events" time="0.002" /><testcase classname="tests.test_calendar_risk" name="test_annual_risk_uses_only_complete_calendar_years_without_seasonality" time="0.074" /><testcase classname="tests.test_calendar_risk" name="test_annual_risk_requires_explicit_partial_year_opt_in" time="0.021" /><testcase classname="tests.test_centered_variance_updates" name="test_centered_inverse_gamma_full_conditional_uses_shape_scale_formula" time="0.000" /><testcase classname="tests.test_centered_variance_updates" name="test_centered_inverse_gamma_prior_dispatches_to_gibbs_without_acceptance" time="0.086" /><testcase classname="tests.test_centered_variance_updates" name="test_inverse_gamma_process_prior_remains_mh_when_noncentered" time="0.058" /><testcase classname="tests.test_centered_variance_updates" name="test_asis_labels_centered_gibbs_and_noncentered_mh_separately[centered-inverse_gamma_gibbs-log_sd_random_walk_mh-asis.sd.level]" time="0.052" /><testcase classname="tests.test_centered_variance_updates" name="test_asis_labels_centered_gibbs_and_noncentered_mh_separately[disturbance-log_sd_random_walk_mh-inverse_gamma_gibbs-sd.level]" time="0.044" /><testcase classname="tests.test_coefficient_reference" name="test_exact_slice_matches_gev_quadrature_including_copula[False--0.45]" time="1.282" /><testcase classname="tests.test_coefficient_reference" name="test_exact_slice_matches_gev_quadrature_including_copula[False-0.0]" time="1.066" /><testcase classname="tests.test_coefficient_reference" name="test_exact_slice_matches_gev_quadrature_including_copula[False-0.45]" time="1.071" /><testcase classname="tests.test_coefficient_reference" name="test_exact_slice_matches_gev_quadrature_including_copula[True--0.45]" time="1.236" /><testcase classname="tests.test_coefficient_reference" name="test_exact_slice_matches_gev_quadrature_including_copula[True-0.0]" time="1.047" /><testcase classname="tests.test_coefficient_reference" name="test_exact_slice_matches_gev_quadrature_including_copula[True-0.45]" time="1.084" /><testcase classname="tests.test_coefficient_reference" name="test_long_record_reference_is_near_conditional_mode_and_moves" time="0.232" /><testcase classname="tests.test_coefficient_reference" name="test_deterministic_support_repair_does_not_need_current_coefficients[-0.4--20.0]" time="0.011" /><testcase classname="tests.test_coefficient_reference" name="test_deterministic_support_repair_does_not_need_current_coefficients[0.4-20.0]" time="0.020" /><testcase classname="tests.test_continuous_private" name="test_gaussian_reference_matches_dense_conditioning_without_floor" time="0.001" /><testcase classname="tests.test_continuous_private" name="test_exact_gev_coefficient_slice_matches_quadrature" time="16.273" /><testcase classname="tests.test_continuous_private" name="test_prior_calibration_and_no_spike[normal]" time="0.031" /><testcase classname="tests.test_continuous_private" name="test_prior_calibration_and_no_spike[lasso]" time="0.023" /><testcase classname="tests.test_continuous_private" name="test_prior_calibration_and_no_spike[triple_gamma]" time="0.055" /><testcase classname="tests.test_continuous_private" name="test_lasso_zero_coefficient_has_non_degenerate_gamma_conditional" time="0.017" /><testcase classname="tests.test_continuous_private" name="test_asis_preserves_tiny_centered_paths_without_scale_floor" time="0.003" /><testcase classname="tests.test_continuous_private" name="test_independence_copula_preserves_every_continuous_kernel_draw[normal]" time="0.162" /><testcase classname="tests.test_continuous_private" name="test_independence_copula_preserves_every_continuous_kernel_draw[lasso]" time="0.166" /><testcase classname="tests.test_continuous_private" name="test_independence_copula_preserves_every_continuous_kernel_draw[triple_gamma]" time="0.164" /><testcase classname="tests.test_continuous_private" name="test_scale_and_seasonal_copula_calendar_forecast_restart[constant]" time="0.947" /><testcase classname="tests.test_continuous_private" name="test_scale_and_seasonal_copula_calendar_forecast_restart[linear]" time="1.121" /><testcase classname="tests.test_continuous_private" name="test_scale_and_seasonal_copula_calendar_forecast_restart[rw]" time="0.987" /><testcase classname="tests.test_continuous_private" name="test_seasonal_prior_baseline_and_zero_effects" time="0.003" /><testcase classname="tests.test_continuous_private" name="test_bivariate_quadrature_rare_events_and_known_identity" time="0.001" /><testcase classname="tests.test_continuous_private" name="test_config_inheritance_cycles_and_replacements" time="0.002" /><testcase classname="tests.test_continuous_private" name="test_static_auto_route_preserves_generic_api_and_accepts_explicit_fs_priors" time="0.024" /><testcase classname="tests.test_continuous_private" name="test_shape_prior_predictions_respect_asymmetric_model_support" time="0.005" /><testcase classname="tests.test_contrast_diagnostics" name="test_contrast_table_uses_original_chains_for_convergence" time="0.015" /><testcase classname="tests.test_contrast_diagnostics" name="test_constant_and_infinite_endpoints_do_not_look_converged" time="0.002" /><testcase classname="tests.test_contrast_diagnostics" name="test_contrast_validation_rejects_flattened_and_mismatched_draws" time="0.000" /><testcase classname="tests.test_copula_inference" name="test_copula_without_factor_is_full_joint_model_and_roundtrips" time="0.057" /><testcase classname="tests.test_copula_inference" name="test_copula_mixed_sigma_shape_and_ess_targets_include_all_channels" time="0.121" /><testcase classname="tests.test_copula_inference" name="test_gaussian_sigma_is_not_conjugate_under_copula" time="0.045" /><testcase classname="tests.test_copula_inference" name="test_identity_copula_recovers_exact_gaussian_proposal_acceptance" time="0.033" /><testcase classname="tests.test_copula_inference" name="test_copula_ffbs_rejected_and_hierarchical_prior_not_silently_ignored" time="0.005" /><testcase classname="tests.test_copula_inference" name="test_strong_gaussian_copula_has_exact_full_covariance_proposal" time="0.038" /><testcase classname="tests.test_copula_inference" name="test_full_curvature_stabilization_preserves_score_and_missing_margins" time="0.001" /><testcase classname="tests.test_copula_inference" name="test_gaussian_copula_exact_covariance_is_not_modified_by_newton_limits" time="0.003" /><testcase classname="tests.test_copula_math" name="test_lkj_transform_matches_finite_difference_jacobian" time="0.003" /><testcase classname="tests.test_copula_math" name="test_bivariate_lkj_transformed_density_normalizes[0.5]" time="0.007" /><testcase classname="tests.test_copula_math" name="test_bivariate_lkj_transformed_density_normalizes[1.0]" time="0.006" /><testcase classname="tests.test_copula_math" name="test_bivariate_lkj_transformed_density_normalizes[2.0]" time="0.005" /><testcase classname="tests.test_copula_math" name="test_bivariate_lkj_transformed_density_normalizes[5.0]" time="0.006" /><testcase classname="tests.test_copula_math" name="test_copula_declaration_prior_and_fixed_serialization" time="0.001" /><testcase classname="tests.test_copula_math" name="test_lkj_prior_draw_correlation_marginal_moments" time="0.822" /><testcase classname="tests.test_copula_math" name="test_copula_density_is_multivariate_normal_density_ratio_with_missing_data" time="0.002" /><testcase classname="tests.test_copula_math" name="test_mixed_normal_scores_and_inverse_respect_minimum_orientation[-0.5]" time="0.001" /><testcase classname="tests.test_copula_math" name="test_mixed_normal_scores_and_inverse_respect_minimum_orientation[-0.2]" time="0.002" /><testcase classname="tests.test_copula_math" name="test_mixed_normal_scores_and_inverse_respect_minimum_orientation[0]" time="0.001" /><testcase classname="tests.test_copula_math" name="test_mixed_normal_scores_and_inverse_respect_minimum_orientation[1e-10]" time="0.001" /><testcase classname="tests.test_copula_math" name="test_mixed_normal_scores_and_inverse_respect_minimum_orientation[0.2]" time="0.001" /><testcase classname="tests.test_copula_math" name="test_mixed_normal_scores_and_inverse_respect_minimum_orientation[0.5]" time="0.001" /><testcase classname="tests.test_copula_math" name="test_normal_score_tail_arithmetic_does_not_clip_probabilities" time="0.001" /><testcase classname="tests.test_copula_math" name="test_invalid_support_is_rejected_and_missing_margin_remains_missing" time="0.000" /><testcase classname="tests.test_copula_math" name="test_single_observation_and_multiple_leading_dimensions" time="0.001" /><testcase classname="tests.test_copula_math" name="test_correlated_draws_have_correct_margins_and_correlation" time="0.002" /><testcase classname="tests.test_copula_math" name="test_joint_copula_derivatives_match_full_likelihood_finite_differences[-0.5]" time="0.056" /><testcase classname="tests.test_copula_math" name="test_joint_copula_derivatives_match_full_likelihood_finite_differences[-0.2]" time="0.053" /><testcase classname="tests.test_copula_math" name="test_joint_copula_derivatives_match_full_likelihood_finite_differences[0.0]" time="0.049" /><testcase classname="tests.test_copula_math" name="test_joint_copula_derivatives_match_full_likelihood_finite_differences[0.2]" time="0.050" /><testcase classname="tests.test_copula_math" name="test_joint_copula_derivatives_match_full_likelihood_finite_differences[0.5]" time="0.090" /><testcase classname="tests.test_copula_math" name="test_joint_gaussian_derivatives_are_exact_observed_covariance_precision" time="0.001" /><testcase classname="tests.test_copula_prediction" name="test_joint_predictive_covariance_and_gaussian_density" time="17.586" /><testcase classname="tests.test_copula_prediction" name="test_mixed_minimum_copula_orientation_preserved" time="10.666" /><testcase classname="tests.test_copula_prediction" name="test_joint_score_averages_joint_density_before_mixing" time="0.006" /><testcase classname="tests.test_copula_prediction" name="test_copula_regression_forecast_requires_and_uses_future_covariates" time="0.010" /><testcase classname="tests.test_copula_prediction" name="test_joint_score_marginalizes_missing_channels" time="0.006" /><testcase classname="tests.test_copula_reference" name="test_correlated_gaussian_location_posterior_matches_independent_precision" time="31.060" /><testcase classname="tests.test_copula_reference" name="test_copula_observation_scale_posterior_matches_direct_quadrature" time="47.883" /><testcase classname="tests.test_copula_reference" name="test_unobserved_cross_channel_pairs_retain_the_lkj_prior" time="56.406" /><testcase classname="tests.test_copula_reference" name="test_fixed_copula_forecast_has_declared_gaussian_covariance" time="1.794" /><testcase classname="tests.test_copula_reference" name="test_full_covariance_kalman_matches_dense_missing_data_conditioning" time="0.009" /><testcase classname="tests.test_exact_support_and_failures" name="test_negative_xi_support_repair_handles_an_integrated_slope" time="0.025" /><testcase classname="tests.test_exact_support_and_failures" name="test_exact_fs_numerical_failure_aborts_without_retries" time="0.005" /><testcase classname="tests.test_experiment_prior_math" name="test_structural_normal_shape_draws_match_truncated_prior_and_log_sigma" time="0.059" /><testcase classname="tests.test_experiment_prior_math" name="test_pc_scale_draws_satisfy_declared_tail_probabilities" time="0.032" /><testcase classname="tests.test_experiment_prior_math" name="test_prior_predictive_initial_season_is_at_first_observation[upper-1]" time="0.025" /><testcase classname="tests.test_experiment_prior_math" name="test_prior_predictive_initial_season_is_at_first_observation[lower--1]" time="0.028" /><testcase classname="tests.test_experiment_prior_math" name="test_prior_predictive_linear_scale_uses_time_specific_risks_and_endpoint" time="0.022" /><testcase classname="tests.test_experiment_prior_math" name="test_prior_predictive_rejects_incompatible_component_and_season_dimensions" time="0.002" /><testcase classname="tests.test_experiment_prior_math" name="test_prior_predictive_preserves_infinite_endpoint_mass" time="0.022" /><testcase classname="tests.test_exploration" name="test_calendar_mean_and_detrended_iqr_have_known_values" time="0.031" /><testcase classname="tests.test_exploration" name="test_missing_values_and_absent_months_are_counted" time="0.030" /><testcase classname="tests.test_exploration" name="test_period_index_and_series_input_preserve_meaning" time="0.015" /><testcase classname="tests.test_exploration" name="test_duplicate_calendar_months_are_rejected_even_with_different_days" time="0.003" /><testcase classname="tests.test_exploration" name="test_windows_do_not_silently_clip_to_available_data" time="0.002" /><testcase classname="tests.test_exploration" name="test_sparse_months_fail_before_producing_spread_estimates" time="0.004" /><testcase classname="tests.test_exploration" name="test_minimum_count_has_explicit_semantics[0]" time="0.001" /><testcase classname="tests.test_exploration" name="test_minimum_count_has_explicit_semantics[2]" time="0.001" /><testcase classname="tests.test_exploration" name="test_minimum_count_has_explicit_semantics[3.5]" time="0.001" /><testcase classname="tests.test_exploration" name="test_minimum_count_has_explicit_semantics[True]" time="0.001" /><testcase classname="tests.test_exploration" name="test_infinities_and_nondated_inputs_are_rejected" time="0.002" /><testcase classname="tests.test_exploration" name="test_save_records_plotted_values_original_data_and_empirical_bands" time="0.604" /><testcase classname="tests.test_exploration" name="test_serra_driver_uses_package_api_without_fitting" time="0.020" /><testcase classname="tests.test_hierarchical_exact" name="test_exact_hierarchy_reports_evaluated_density_and_mh_uncertainty[1]" time="0.192" /><testcase classname="tests.test_hierarchical_exact" name="test_exact_hierarchy_reports_evaluated_density_and_mh_uncertainty[2]" time="0.196" /><testcase classname="tests.test_hierarchical_exact" name="test_numerical_failure_aborts_exact_hierarchy" time="0.010" /><testcase classname="tests.test_hierarchical_exact" name="test_support_rejected_proposals_are_valid_mh_rejections" time="0.052" /><testcase classname="tests.test_hierarchical_exact" name="test_retired_particle_engine_is_not_public_and_cannot_be_selected" time="0.005" /><testcase classname="tests.test_hierarchical_exact" name="test_fs_likelihood_is_named_and_matches_saved_draws[gaussian]" time="0.016" /><testcase classname="tests.test_hierarchical_exact" name="test_fs_likelihood_is_named_and_matches_saved_draws[gev]" time="0.072" /><testcase classname="tests.test_hierarchical_models" name="test_public_surface_and_hierarchical_inference_plan" time="0.008" /><testcase classname="tests.test_hierarchical_models" name="test_hierarchical_prior_modes_are_explicit_and_seasonality_is_present[selection]" time="0.001" /><testcase classname="tests.test_hierarchical_models" name="test_hierarchical_prior_modes_are_explicit_and_seasonality_is_present[slab]" time="0.001" /><testcase classname="tests.test_hierarchical_models" name="test_hierarchical_prior_modes_are_explicit_and_seasonality_is_present[both]" time="0.001" /><testcase classname="tests.test_hierarchical_models" name="test_hierarchical_gaussian_fit_is_joint_forecastable_and_serializable[selection]" time="0.776" /><testcase classname="tests.test_hierarchical_models" name="test_hierarchical_gaussian_fit_is_joint_forecastable_and_serializable[slab]" time="0.738" /><testcase classname="tests.test_hierarchical_models" name="test_hierarchical_gaussian_fit_is_joint_forecastable_and_serializable[both]" time="0.651" /><testcase classname="tests.test_hierarchical_models" name="test_mixed_hierarchy_defaults_to_exact_laplace_mh" time="0.095" /><testcase classname="tests.test_hierarchical_models" name="test_disturbance_laplace_mh_respects_singular_affine_support" time="0.153" /><testcase classname="tests.test_hierarchical_models" name="test_random_fs_sign_switches_preserve_the_complete_predictor" time="0.001" /><testcase classname="tests.test_hierarchical_models" name="test_univariate_fs_reports_audited_sign_switches" time="0.013" /><testcase classname="tests.test_hierarchical_models" name="test_uccle_hierarchy_preserves_channel_order_and_minimum_orientation" time="0.000" /><testcase classname="tests.test_hierarchical_models" name="test_level_slope_plot_uses_seasonally_adjusted_observations" time="0.107" /><testcase classname="tests.test_hierarchical_warm_starts" name="test_componentwise_selection_is_default_and_joint_space_is_explicit" time="0.001" /><testcase classname="tests.test_hierarchical_warm_starts" name="test_structural_scale_calibration_has_observable_implications" time="0.001" /><testcase classname="tests.test_hierarchical_warm_starts" name="test_mixed_hierarchical_laplace_plan_is_explicitly_approximate" time="0.006" /><testcase classname="tests.test_hierarchical_warm_starts" name="test_multiseries_progress_groups_shape_parameters_and_names_path_updates" time="0.000" /><testcase classname="tests.test_hierarchical_warm_starts" name="test_laplace_screen_warm_starts_exact_laplace_mh_and_parallel_updates" time="0.126" /><testcase classname="tests.test_hierarchical_warm_starts" name="test_vectorized_gev_kernels_match_scalar_evaluation" time="0.006" /><testcase classname="tests.test_historical_archives" name="test_real_v1_5_2_archive_loads_forecasts_and_resaves[gaussian]" time="0.143" /><testcase classname="tests.test_historical_archives" name="test_real_v1_5_2_archive_loads_forecasts_and_resaves[gev]" time="0.016" /><testcase classname="tests.test_integrated_framework" name="test_plan_separates_parameterization_engine_and_asis" time="0.002" /><testcase classname="tests.test_integrated_framework" name="test_gaussian_parameterizations_share_one_result_contract[centered-False]" time="0.030" /><testcase classname="tests.test_integrated_framework" name="test_gaussian_parameterizations_share_one_result_contract[disturbance-True]" time="0.035" /><testcase classname="tests.test_integrated_framework" name="test_gaussian_parameterizations_share_one_result_contract[fruehwirth_schnatter-True]" time="0.017" /><testcase classname="tests.test_integrated_framework" name="test_gev_engines_share_one_result_contract[laplace-False]" time="0.062" /><testcase classname="tests.test_integrated_framework" name="test_gev_engines_share_one_result_contract[laplace_mh-True]" time="0.084" /><testcase classname="tests.test_integrated_framework" name="test_fs_prior_profiles_resolve_through_fit[manuscript_lasso-required0]" time="0.014" /><testcase classname="tests.test_integrated_framework" name="test_fs_prior_profiles_resolve_through_fit[regularized_lasso-required1]" time="0.013" /><testcase classname="tests.test_integrated_framework" name="test_fs_prior_profiles_resolve_through_fit[regularized_horseshoe-required2]" time="0.013" /><testcase classname="tests.test_integrated_framework" name="test_fs_prior_profiles_resolve_through_fit[pc-required3]" time="0.013" /><testcase classname="tests.test_integrated_framework" name="test_fs_prior_profiles_resolve_through_fit[normal-required4]" time="0.011" /><testcase classname="tests.test_integrated_framework" name="test_fs_prior_profiles_resolve_through_fit[ssvs-required5]" time="0.015" /><testcase classname="tests.test_integrated_framework" name="test_incompatible_prior_and_model_combinations_fail_before_sampling" time="0.002" /><testcase classname="tests.test_integrated_framework" name="test_fs_ssvs_uses_semantic_component_summaries" time="0.041" /><testcase classname="tests.test_integrated_framework" name="test_structural_shrinkage_profiles_are_mathematically_distinct" time="0.001" /><testcase classname="tests.test_integrated_framework" name="test_pandas_metadata_initialization_and_dynamic_regression" time="0.026" /><testcase classname="tests.test_integrated_framework" name="test_compatibility_wrapper_and_bulk_tail_delegate_to_fit" time="0.186" /><testcase classname="tests.test_integrated_framework" name="test_general_default_prior_and_legacy_initial_values_are_resolved" time="0.024" /><testcase classname="tests.test_integrated_framework" name="test_fit_bayes_is_only_a_monthly_translation_wrapper" time="0.015" /><testcase classname="tests.test_laplace_mh" name="test_version_plan_and_configuration_contract" time="0.005" /><testcase classname="tests.test_laplace_mh" name="test_ncp_laplace_mh_is_exact_for_a_quadratic_observation_layer" time="0.014" /><testcase classname="tests.test_laplace_mh" name="test_public_laplace_mh_fit_is_exact_and_reports_diagnostics[fs]" time="0.068" /><testcase classname="tests.test_laplace_mh" name="test_public_laplace_mh_fit_is_exact_and_reports_diagnostics[disturbance]" time="0.166" /><testcase classname="tests.test_laplace_mh" name="test_laplace_mh_uses_exact_structural_selection_updates" time="0.037" /><testcase classname="tests.test_marginal_copula_fs" name="test_conditional_margin_is_a_density_with_correct_curvature[observation0-None]" time="0.001" /><testcase classname="tests.test_marginal_copula_fs" name="test_conditional_margin_is_a_density_with_correct_curvature[observation1--0.35]" time="0.002" /><testcase classname="tests.test_marginal_copula_fs" name="test_conditional_margin_is_a_density_with_correct_curvature[observation2-0.3]" time="0.002" /><testcase classname="tests.test_marginal_copula_fs" name="test_conditional_margin_is_a_density_with_correct_curvature[observation3-0.0]" time="0.002" /><testcase classname="tests.test_marginal_copula_fs" name="test_conditional_scores_reflect_minima" time="0.001" /><testcase classname="tests.test_marginal_copula_fs" name="test_mixed_copula_seasonal_prediction_density_and_archive" time="0.303" /><testcase classname="tests.test_marginal_copula_fs" name="test_univariate_seasonal_api_dates_and_warm_start" time="0.091" /><testcase classname="tests.test_marginal_copula_fs" name="test_fixed_identity_copula_equals_independent_private_kernel" time="0.340" /><testcase classname="tests.test_marginal_copula_fs" name="test_support_contract_rejects_unsupported_scale_and_missing_data" time="0.199" /><testcase classname="tests.test_marginal_copula_fs" name="test_short_record_can_initialize_unobserved_seasonal_phases" time="0.023" /><testcase classname="tests.test_marginal_gaussian_reference" name="test_full_gaussian_copula_ssvs_matches_integrated_reference" time="23.575" /><testcase classname="tests.test_marginal_gev_reference" name="test_gumbel_slope_selection_matches_direct_quadrature" time="27.221" /><testcase classname="tests.test_model_and_engines" name="test_model_compiler_and_named_regression_design" time="0.003" /><testcase classname="tests.test_model_and_engines" name="test_general_disturbance_roundtrip_includes_dynamic_regression" time="0.003" /><testcase classname="tests.test_model_and_engines" name="test_gev_location_derivatives_match_finite_differences" time="0.002" /><testcase classname="tests.test_model_and_engines" name="test_kalman_likelihood_matches_joint_normal" time="0.003" /><testcase classname="tests.test_model_and_engines" name="test_laplace_mh_paths_respect_singular_transition_support" time="0.046" /><testcase classname="tests.test_model_and_engines" name="test_psd_and_tiny_positive_process_variance_are_not_conflated" time="0.002" /><testcase classname="tests.test_model_and_engines" name="test_convenience_priors_are_local_scale_not_record_length_calibrated" time="0.001" /><testcase classname="tests.test_model_and_engines" name="test_observation_reference_scale_removes_fixed_seasonal_cycle" time="0.001" /><testcase classname="tests.test_ordering_diagnostics" name="test_ordering_reports_union_and_original_samples_unchanged" time="0.002" /><testcase classname="tests.test_ordering_diagnostics" name="test_observed_only_ordering_and_tolerance_are_explicit" time="0.001" /><testcase classname="tests.test_ordering_diagnostics" name="test_compound_probabilities_retain_joint_dependence" time="0.000" /><testcase classname="tests.test_ordering_diagnostics" name="test_bundled_uccle_order_inequalities_are_valid" time="0.070" /><testcase classname="tests.test_ordering_diagnostics" name="test_uccle_loader_supports_single_series_fallback" time="0.015" /><testcase classname="tests.test_parallel_chains" name="test_serial_parallel_identical_draws_and_saved_chain_axes[fs_gaussian]" time="1.258" /><testcase classname="tests.test_parallel_chains" name="test_serial_parallel_identical_draws_and_saved_chain_axes[fs_gev]" time="1.598" /><testcase classname="tests.test_parallel_chains" name="test_serial_parallel_identical_draws_and_saved_chain_axes[monthly]" time="1.263" /><testcase classname="tests.test_parallel_chains" name="test_serial_parallel_identical_draws_and_saved_chain_axes[copula]" time="2.016" /><testcase classname="tests.test_parallel_chains" name="test_serial_parallel_identical_draws_and_saved_chain_axes[disturbance]" time="1.345" /><testcase classname="tests.test_parallel_chains" name="test_serial_parallel_identical_draws_and_saved_chain_axes[hierarchy]" time="1.674" /><testcase classname="tests.test_parallel_chains" name="test_serial_parallel_identical_draws_and_saved_chain_axes[shared]" time="1.832" /><testcase classname="tests.test_parallel_chains" name="test_invalid_worker_counts_are_rejected[0]" time="0.000" /><testcase classname="tests.test_parallel_chains" name="test_invalid_worker_counts_are_rejected[-1]" time="0.000" /><testcase classname="tests.test_parallel_chains" name="test_invalid_worker_counts_are_rejected[1.5]" time="0.000" /><testcase classname="tests.test_parallel_chains" name="test_invalid_worker_counts_are_rejected[True]" time="0.000" /><testcase classname="tests.test_parallel_chains" name="test_invalid_worker_counts_are_rejected[4]" time="0.000" /><testcase classname="tests.test_parallel_chains" name="test_one_chain_caps_workers_and_keeps_seed" time="0.026" /><testcase classname="tests.test_parallel_chains" name="test_four_chains_keep_the_same_order_with_two_or_four_workers" time="2.745" /><testcase classname="tests.test_parallel_chains" name="test_parallel_errors_do_not_return_partial_posterior" time="1.266" /><testcase classname="tests.test_parallel_chains" name="test_shared_warm_start_selects_the_matching_chain" time="1.696" /><testcase classname="tests.test_parameter_evolution" name="test_named_declarations_and_explicit_unsupported_parameters" time="0.001" /><testcase classname="tests.test_parameter_evolution" name="test_scale_slope_conditional_matches_independent_quadrature[gaussian]" time="1.232" /><testcase classname="tests.test_parameter_evolution" name="test_scale_slope_conditional_matches_independent_quadrature[gev]" time="3.516" /><testcase classname="tests.test_parameter_evolution" name="test_structural_scale_forecast_propagates_level_and_slope_noise" time="0.989" /><testcase classname="tests.test_parameter_evolution" name="test_mixed_copula_scale_evolution_roundtrip_and_components[normal]" time="0.458" /><testcase classname="tests.test_parameter_evolution" name="test_mixed_copula_scale_evolution_roundtrip_and_components[lasso]" time="0.442" /><testcase classname="tests.test_parameter_evolution" name="test_mixed_copula_scale_evolution_roundtrip_and_components[triple_gamma]" time="0.491" /><testcase classname="tests.test_parameter_evolution" name="test_structural_scale_simulation_rejects_missing_process_parameters" time="0.002" /><testcase classname="tests.test_period_estimands" name="test_monthly_period_average_does_not_silently_use_partial_periods" time="0.002" /><testcase classname="tests.test_period_estimands" name="test_period_contrasts_preserve_joint_cancellation" time="0.004" /><testcase classname="tests.test_period_estimands" name="test_constant_or_short_chains_are_not_reported_as_converged" time="0.001" /><testcase classname="tests.test_plotting_and_warm_starts" name="test_loess_smooth_is_robust_and_preserves_missing_positions" time="0.006" /><testcase classname="tests.test_plotting_and_warm_starts" name="test_tail_comparisons_are_stationary_and_probability_matched" time="0.009" /><testcase classname="tests.test_plotting_and_warm_starts" name="test_phase_specific_season_plot_uses_only_the_seasonal_effect" time="0.051" /><testcase classname="tests.test_plotting_and_warm_starts" name="test_level_and_slope_have_separate_scientific_scales" time="0.047" /><testcase classname="tests.test_plotting_and_warm_starts" name="test_posterior_predictive_and_forecast_share_the_public_plot_api" time="0.047" /><testcase classname="tests.test_plotting_and_warm_starts" name="test_slope_can_condition_on_dynamic_draws_and_overlay_fixed_median" time="0.039" /><testcase classname="tests.test_plotting_and_warm_starts" name="test_laplace_fit_is_a_full_path_warm_start_for_laplace_mh" time="0.054" /><testcase classname="tests.test_prior_assessment" name="test_three_forecast_blocks_are_descriptive_and_whole_cases_are_paired" time="0.018" /><testcase classname="tests.test_prior_assessment" name="test_forecast_block_comparison_exposes_support_failures" time="0.021" /><testcase classname="tests.test_prior_assessment" name="test_prior_contraction_can_happen_without_a_shift" time="0.009" /><testcase classname="tests.test_prior_assessment" name="test_pilot_has_one_candidate_list_correct_dates_and_short_parallel_chains" time="0.011" /><testcase classname="tests.test_prior_assessment" name="test_sensitivity_paths_are_saved_without_figures_or_full_archives" time="0.234" /><testcase classname="tests.test_prior_builders" name="test_ssvs_prior_builders_accept_readable_component_probabilities[ssvs_gaussian_priors]" time="0.000" /><testcase classname="tests.test_prior_builders" name="test_ssvs_prior_builders_accept_readable_component_probabilities[ssvs_gev_priors]" time="0.001" /><testcase classname="tests.test_prior_builders" name="test_ssvs_prior_builder_rejects_object_and_direct_settings_together" time="0.000" /><testcase classname="tests.test_prior_builders" name="test_ssvs_gev_prior_builder_exposes_observation_and_initial_hyperparameters" time="0.000" /><testcase classname="tests.test_prior_builders" name="test_uccle_series_normalization_does_not_split_a_string" time="0.000" /><testcase classname="tests.test_publication_reporting" name="test_style_is_scoped_even_when_plotting_raises" time="0.001" /><testcase classname="tests.test_publication_reporting" name="test_save_figure_finishes_pdf_and_preserves_old_output_on_failure" time="0.103" /><testcase classname="tests.test_publication_reporting" name="test_monthly_pit_retains_boundaries_and_case_denominators" time="0.003" /><testcase classname="tests.test_publication_reporting" name="test_monthly_coverage_keeps_directional_quantiles_distinct" time="0.006" /><testcase classname="tests.test_publication_reporting" name="test_trace_roundtrip_preserves_chains_and_rejects_missing_draws" time="0.004" /><testcase classname="tests.test_publication_reporting" name="test_report_discovery_rejects_ambiguous_model_runs" time="0.005" /><testcase classname="tests.test_publication_reporting" name="test_interval_and_risk_labels_cannot_be_silently_changed" time="0.004" /><testcase classname="tests.test_publication_reporting" name="test_dependence_requires_exactly_aligned_dates" time="0.008" /><testcase classname="tests.test_publication_reporting" name="test_missing_traces_are_marked_and_strict_export_fails" time="0.096" /><testcase classname="tests.test_publication_reporting" name="test_report_exports_initial_slope_and_honours_save_fits_false" time="0.470" /><testcase classname="tests.test_publication_reporting" name="test_revision_margins_are_matched_and_reach_august_2026" time="0.001" /><testcase classname="tests.test_results_and_data" name="test_safe_fit_archive_roundtrip_and_integrity[centered]" time="0.059" /><testcase classname="tests.test_results_and_data" name="test_safe_fit_archive_roundtrip_and_integrity[fruehwirth_schnatter]" time="0.035" /><testcase classname="tests.test_results_and_data" name="test_fs_forecast_ignores_private_vector_parameters_and_scores" time="0.031" /><testcase classname="tests.test_results_and_data" name="test_minimum_tail_results_stay_on_original_orientation" time="0.086" /><testcase classname="tests.test_results_and_data" name="test_combine_fits_preserves_chain_identity" time="0.035" /><testcase classname="tests.test_results_and_data" name="test_combine_deserialized_ssvs_fits_with_array_priors" time="0.086" /><testcase classname="tests.test_results_and_data" name="test_rank_diagnostics_detect_a_shifted_chain" time="0.003" /><testcase classname="tests.test_results_and_data" name="test_bundled_uccle_data_and_short_minimum_workflow" time="0.209" /><testcase classname="tests.test_results_and_data" name="test_explicit_single_series_directory_is_authoritative" time="0.003" /><testcase classname="tests.test_results_and_data" name="test_risk_methods_keep_compact_tuple_defaults" time="0.082" /><testcase classname="tests.test_results_and_data" name="test_single_uccle_cli_fits_and_inspects" time="0.040" /><testcase classname="tests.test_reviewer_experiments" name="test_ssvs_prior_retains_atoms_and_sd_variance_scaling" time="0.036" /><testcase classname="tests.test_reviewer_experiments" name="test_lasso_prior_integrates_gamma_and_observation_variance" time="0.074" /><testcase classname="tests.test_reviewer_experiments" name="test_forecast_total_variance_uses_conditional_mean_and_noise" time="0.004" /><testcase classname="tests.test_reviewer_experiments" name="test_gev_boundary_shape_has_infinite_variance_but_valid_quantiles" time="0.004" /><testcase classname="tests.test_reviewer_experiments" name="test_gev_parameter_uncertainty_changes_conditional_mean_variance" time="0.004" /><testcase classname="tests.test_reviewer_experiments" name="test_annual_cdf_integrates_product_over_common_posterior_draw" time="0.002" /><testcase classname="tests.test_reviewer_experiments" name="test_annual_aggregation_rejects_partial_calendar_year" time="0.001" /><testcase classname="tests.test_scale_models" name="test_public_phi_api_defaults_aliases_and_roundtrips" time="0.001" /><testcase classname="tests.test_scale_models" name="test_every_gev_prior_profile_accepts_one_phi_prior[manuscript_gev_priors]" time="0.000" /><testcase classname="tests.test_scale_models" name="test_every_gev_prior_profile_accepts_one_phi_prior[normal_gev_priors]" time="0.000" /><testcase classname="tests.test_scale_models" name="test_every_gev_prior_profile_accepts_one_phi_prior[regularized_gev_priors]" time="0.000" /><testcase classname="tests.test_scale_models" name="test_every_gev_prior_profile_accepts_one_phi_prior[regularized_horseshoe_gev_priors]" time="0.000" /><testcase classname="tests.test_scale_models" name="test_every_gev_prior_profile_accepts_one_phi_prior[triple_gamma_gev_priors]" time="0.000" /><testcase classname="tests.test_scale_models" name="test_every_gev_prior_profile_accepts_one_phi_prior[regularized_triple_gamma_gev_priors]" time="0.000" /><testcase classname="tests.test_scale_models" name="test_every_gev_prior_profile_accepts_one_phi_prior[pc_gev_priors]" time="0.000" /><testcase classname="tests.test_scale_models" name="test_every_gev_prior_profile_accepts_one_phi_prior[ssvs_gev_priors]" time="0.000" /><testcase classname="tests.test_scale_models" name="test_log_scale_derivatives_match_finite_differences[-0.3]" time="0.001" /><testcase classname="tests.test_scale_models" name="test_log_scale_derivatives_match_finite_differences[0.0]" time="0.001" /><testcase classname="tests.test_scale_models" name="test_log_scale_derivatives_match_finite_differences[0.2]" time="0.001" /><testcase classname="tests.test_scale_models" name="test_every_phi_model_fits_predicts_and_has_clean_outputs[stationary]" time="0.058" /><testcase classname="tests.test_scale_models" name="test_every_phi_model_fits_predicts_and_has_clean_outputs[linear]" time="0.055" /><testcase classname="tests.test_scale_models" name="test_every_phi_model_fits_predicts_and_has_clean_outputs[rw]" time="0.073" /><testcase classname="tests.test_scale_models" name="test_every_phi_model_fits_predicts_and_has_clean_outputs[ssvs]" time="0.066" /><testcase classname="tests.test_score_comparison" name="test_paired_blocks_preserve_within_block_repetition" time="0.001" /><testcase classname="tests.test_seasonal_patterns" name="test_dated_patterns_select_complete_calendar_years" time="0.053" /><testcase classname="tests.test_seasonal_patterns" name="test_undated_patterns_accept_named_cycles_and_simulation_truth" time="0.053" /><testcase classname="tests.test_seasonal_patterns" name="test_pattern_selector_rejects_wrong_time_scale" time="0.059" /><testcase classname="tests.test_seasonal_views" name="test_fitted_trajectory_and_level_accept_one_based_phase_selection" time="0.071" /><testcase classname="tests.test_seasonal_views" name="test_forecast_supports_phase_and_seasonally_adjusted_level_targets" time="0.068" /><testcase classname="tests.test_seasonal_views" name="test_phase_selection_rejects_nonseasonal_or_out_of_range_requests" time="0.016" /><testcase classname="tests.test_serra_protocol" name="test_primary_record_and_periods_reach_august_2026" time="0.127" /><testcase classname="tests.test_serra_protocol" name="test_historical_comparison_keeps_complete_climate_windows" time="0.081" /><testcase classname="tests.test_serra_protocol" name="test_five_core_variants_and_joint_sensitivity_use_same_models" time="0.003" /><testcase classname="tests.test_serra_protocol" name="test_reviewer_shape_grid_and_constant_scale_recovery" time="0.001" /><testcase classname="tests.test_serra_protocol" name="test_focused_level_sensitivity_changes_only_level_prior" time="0.001" /><testcase classname="tests.test_shared_components" name="test_shared_gaussian_posterior_matches_dense_conditioning" time="2.673" /><testcase classname="tests.test_shared_components" name="test_inferred_shared_sd_matches_integrated_gaussian_posterior" time="16.495" /><testcase classname="tests.test_shared_components" name="test_shared_decomposition_orientation_risk_and_archive[False]" time="0.077" /><testcase classname="tests.test_shared_components" name="test_shared_decomposition_orientation_risk_and_archive[True]" time="0.403" /><testcase classname="tests.test_shared_initial_covariance" name="test_projection_preserves_small_positive_initial_slope_variance" time="0.002" /><testcase classname="tests.test_shared_initial_covariance" name="test_ffbs_small_slope_matches_analytic_gaussian_conditional" time="0.887" /><testcase classname="tests.test_shared_initial_covariance" name="test_plan_explains_private_trends_outside_departure_constraint" time="0.006" /><testcase classname="tests.test_shared_sampler" name="test_centered_logsd_target_has_change_of_variable_jacobian" time="0.001" /><testcase classname="tests.test_shared_sampler" name="test_inverse_gamma_update_counts_all_contrast_innovations" time="0.025" /><testcase classname="tests.test_shared_sampler" name="test_repeated_innovation_names_and_affine_density_volume" time="0.001" /><testcase classname="tests.test_shared_sampler" name="test_fixed_zero_is_exactly_deterministic" time="0.001" /><testcase classname="tests.test_shared_sampler" name="test_joint_priors_roundtrip_retains_fixed_scales" time="0.000" /><testcase classname="tests.test_shared_sampler" name="test_noncentered_scale_move_updates_reused_columns_together" time="0.001" /><testcase classname="tests.test_shared_sampler" name="test_shared_mixed_posterior_support_diagnostics_and_reproducibility" time="0.261" /><testcase classname="tests.test_shared_sampler" name="test_shared_numerical_state_failure_aborts" time="0.018" /><testcase classname="tests.test_shared_sampler" name="test_generic_laplace_rejects_incumbent_outside_initial_support" time="0.038" /><testcase classname="tests.test_shared_sampler" name="test_shared_initializer_rejects_misspelled_outer_fields" time="0.000" /><testcase classname="tests.test_shared_sampler" name="test_laplace_stabilization_preserves_score_in_flat_tail" time="0.000" /><testcase classname="tests.test_shared_sampler" name="test_shared_regression_fit_forecast_and_archive" time="0.031" /><testcase classname="tests.test_shared_slice" name="test_elliptical_slice_matches_nonzero_mean_gaussian_conditional" time="1.829" /><testcase classname="tests.test_shared_slice" name="test_prior_auxiliary_retains_tiny_positive_initial_variance" time="0.003" /><testcase classname="tests.test_shared_slice" name="test_deterministic_block_is_not_reported_as_refreshed" time="0.002" /><testcase classname="tests.test_shared_slice" name="test_exhausted_slice_budget_aborts_instead_of_restoring" time="0.003" /><testcase classname="tests.test_shared_slice" name="test_departure_contrasts_are_one_block_and_all_states_partitioned" time="0.004" /><testcase classname="tests.test_shared_slice" name="test_zero_uniform_never_accepts_outside_observation_support" time="0.003" /><testcase classname="tests.test_shrinkage_and_diagnostics" name="test_triple_gamma_profiles_variance_and_shrinkage_factor" time="0.000" /><testcase classname="tests.test_shrinkage_and_diagnostics" name="test_univariate_triple_gamma_profiles_fit[triple_gamma]" time="0.026" /><testcase classname="tests.test_shrinkage_and_diagnostics" name="test_univariate_triple_gamma_profiles_fit[regularized_triple_gamma]" time="0.036" /><testcase classname="tests.test_shrinkage_and_diagnostics" name="test_analytic_pc_plot_acf_and_save_api" time="0.658" /><testcase classname="tests.test_shrinkage_and_diagnostics" name="test_constant_ssvs_allocation_has_undefined_rhat_and_ess" time="0.061" /><testcase classname="tests.test_structural_numerics_and_prediction" name="test_fs_design_and_reconstruction_are_identical_with_seasonality" time="0.001" /><testcase classname="tests.test_structural_numerics_and_prediction" name="test_fixed_fs_components_are_static_coefficients_not_small_shocks" time="0.001" /><testcase classname="tests.test_structural_numerics_and_prediction" name="test_joseph_backward_covariance_is_psd_and_long_ffbs_is_stable" time="0.078" /><testcase classname="tests.test_structural_numerics_and_prediction" name="test_gev_laplace_mh_ssvs_is_exact_invariant_and_records_model_moves" time="0.143" /><testcase classname="tests.test_structural_numerics_and_prediction" name="test_forecast_log_score_pit_and_lfo_share_one_api" time="0.077" /><testcase classname="tests.test_structural_numerics_and_prediction" name="test_lower_tail_pit_is_returned_on_the_original_orientation" time="0.001" /><testcase classname="tests.test_uccle_means" name="test_txm_and_tnm_are_bundled_gaussian_series" time="0.020" /><testcase classname="tests.test_uccle_monthly" name="test_leap_month_definitions_and_export_roundtrip" time="0.032" /><testcase classname="tests.test_uccle_monthly" name="test_partial_boundary_months_are_explicitly_excluded" time="0.007" /><testcase classname="tests.test_uccle_monthly" name="test_incomplete_retained_months_fail_before_export[day]" time="0.004" /><testcase classname="tests.test_uccle_monthly" name="test_incomplete_retained_months_fail_before_export[whole_month]" time="0.004" /><testcase classname="tests.test_uccle_monthly" name="test_incomplete_retained_months_fail_before_export[TX]" time="0.005" /><testcase classname="tests.test_uccle_monthly" name="test_incomplete_retained_months_fail_before_export[TN]" time="0.005" /><testcase classname="tests.test_uccle_monthly" name="test_invalid_daily_input_is_rejected[duplicate]" time="0.001" /><testcase classname="tests.test_uccle_monthly" name="test_invalid_daily_input_is_rejected[missing_date]" time="0.001" /><testcase classname="tests.test_uccle_monthly" name="test_invalid_daily_input_is_rejected[time]" time="0.002" /><testcase classname="tests.test_uccle_monthly" name="test_invalid_daily_input_is_rejected[infinity]" time="0.002" /><testcase classname="tests.test_uccle_monthly" name="test_invalid_daily_input_is_rejected[column]" time="0.001" /><testcase classname="tests.test_uccle_monthly" name="test_explicit_source_and_legacy_directory_keyword" time="0.024" /><testcase classname="tests.test_uccle_monthly" name="test_reported_tn_above_tx_is_preserved_and_flagged" time="0.009" /><testcase classname="tests.test_uccle_monthly" name="test_daily_validation_requires_coverage_of_every_summary_month" time="0.040" /><testcase classname="tests.test_uccle_monthly" name="test_validation_reports_mismatch_and_cli_accepts_daily_source" time="0.040" /><testcase classname="tests.test_uccle_monthly" name="test_no_complete_month_is_an_error" time="0.004" /><testcase classname="tests.test_uccle_monthly" name="test_bundled_release_coverage_and_default_do_not_depend_on_cwd" time="0.229" /><testcase classname="tests.test_uccle_monthly" name="test_research_runner_can_initialize_updated_lower_extremes" time="0.180" /></testsuite></testsuites>