<?xml version="1.0" encoding="utf-8"?><testsuites name="pytest tests"><testsuite name="pytest" errors="0" failures="0" skipped="0" tests="49" time="23.619" timestamp="2026-09-22T15:06:14.370652+03:00" hostname="localhost"><testcase classname="tests.test_shared_shrinkage" name="test_hyperconditional_matches_normal_density_and_quadrature" time="0.314" /><testcase classname="tests.test_shared_shrinkage" name="test_shared_prior_integrates_hyperparameters_and_keeps_conditional_normal" time="0.033" /><testcase classname="tests.test_shared_shrinkage" name="test_invalid_shared_specification_is_rejected[anchors0-0.5]" time="0.000" /><testcase classname="tests.test_shared_shrinkage" name="test_invalid_shared_specification_is_rejected[anchors1-0.5]" time="0.000" /><testcase classname="tests.test_shared_shrinkage" name="test_invalid_shared_specification_is_rejected[anchors2-0.5]" time="0.000" /><testcase classname="tests.test_shared_shrinkage" name="test_invalid_shared_specification_is_rejected[anchors3-0.0]" time="0.000" /><testcase classname="tests.test_shared_shrinkage" name="test_invalid_shared_specification_is_rejected[anchors4-0.5]" time="0.000" /><testcase classname="tests.test_shared_shrinkage" name="test_invalid_shared_specification_is_rejected[anchors5-0.5]" time="0.000" /><testcase classname="tests.test_shared_shrinkage" name="test_conflicting_shrinkage_and_noncentered_mean_are_rejected" time="0.001" /><testcase classname="tests.test_shared_shrinkage" name="test_identity_copula_same_hierarchy_kernel_and_unconditional_prior" time="0.425" /><testcase classname="tests.test_shared_shrinkage" name="test_parallel_mixed_copula_restart_and_chain_diagnostics" time="2.377" /><testcase classname="tests.test_shared_shrinkage" name="test_only_active_channels_in_hyperconditional" time="0.044" /><testcase classname="tests.test_shared_shrinkage" name="test_declared_calendar_origins_include_2019_and_no_silent_drops" time="0.067" /><testcase classname="tests.test_shared_shrinkage" name="test_joint_compact_reports_select_responses_without_repeating_global_tables" time="0.155" /><testcase classname="tests.test_prior_assessment" name="test_three_forecast_blocks_are_descriptive_and_whole_cases_are_paired" time="0.019" /><testcase classname="tests.test_prior_assessment" name="test_forecast_block_comparison_exposes_support_failures" time="0.022" /><testcase classname="tests.test_prior_assessment" name="test_prior_contraction_can_happen_without_a_shift" time="0.011" /><testcase classname="tests.test_prior_assessment" name="test_pilot_has_one_candidate_list_correct_dates_and_short_parallel_chains" time="0.013" /><testcase classname="tests.test_prior_assessment" name="test_sensitivity_paths_are_saved_without_figures_or_full_archives" time="0.309" /><testcase classname="tests.test_parallel_chains" name="test_serial_parallel_identical_draws_and_saved_chain_axes[fs_gaussian]" time="1.275" /><testcase classname="tests.test_parallel_chains" name="test_serial_parallel_identical_draws_and_saved_chain_axes[fs_gev]" time="1.532" /><testcase classname="tests.test_parallel_chains" name="test_serial_parallel_identical_draws_and_saved_chain_axes[monthly]" time="1.230" /><testcase classname="tests.test_parallel_chains" name="test_serial_parallel_identical_draws_and_saved_chain_axes[copula]" time="2.155" /><testcase classname="tests.test_parallel_chains" name="test_serial_parallel_identical_draws_and_saved_chain_axes[disturbance]" time="1.465" /><testcase classname="tests.test_parallel_chains" name="test_serial_parallel_identical_draws_and_saved_chain_axes[hierarchy]" time="1.830" /><testcase classname="tests.test_parallel_chains" name="test_serial_parallel_identical_draws_and_saved_chain_axes[shared]" time="2.177" /><testcase classname="tests.test_parallel_chains" name="test_invalid_worker_counts_are_rejected[0]" time="0.000" /><testcase classname="tests.test_parallel_chains" name="test_invalid_worker_counts_are_rejected[-1]" time="0.000" /><testcase classname="tests.test_parallel_chains" name="test_invalid_worker_counts_are_rejected[1.5]" time="0.000" /><testcase classname="tests.test_parallel_chains" name="test_invalid_worker_counts_are_rejected[True]" time="0.000" /><testcase classname="tests.test_parallel_chains" name="test_invalid_worker_counts_are_rejected[4]" time="0.000" /><testcase classname="tests.test_parallel_chains" name="test_one_chain_caps_workers_and_keeps_seed" time="0.029" /><testcase classname="tests.test_parallel_chains" name="test_four_chains_keep_the_same_order_with_two_or_four_workers" time="2.716" /><testcase classname="tests.test_parallel_chains" name="test_parallel_errors_do_not_return_partial_posterior" time="1.108" /><testcase classname="tests.test_parallel_chains" name="test_shared_warm_start_selects_the_matching_chain" time="1.778" /><testcase classname="tests.test_historical_archives" name="test_real_v1_5_2_archive_loads_forecasts_and_resaves[gaussian]" time="0.015" /><testcase classname="tests.test_historical_archives" name="test_real_v1_5_2_archive_loads_forecasts_and_resaves[gev]" time="0.019" /><testcase classname="tests.test_marginal_copula_fs" name="test_conditional_margin_is_a_density_with_correct_curvature[observation0-None]" time="0.002" /><testcase classname="tests.test_marginal_copula_fs" name="test_conditional_margin_is_a_density_with_correct_curvature[observation1--0.35]" time="0.003" /><testcase classname="tests.test_marginal_copula_fs" name="test_conditional_margin_is_a_density_with_correct_curvature[observation2-0.3]" time="0.002" /><testcase classname="tests.test_marginal_copula_fs" name="test_conditional_margin_is_a_density_with_correct_curvature[observation3-0.0]" time="0.002" /><testcase classname="tests.test_marginal_copula_fs" name="test_conditional_scores_reflect_minima" time="0.000" /><testcase classname="tests.test_marginal_copula_fs" name="test_mixed_copula_seasonal_prediction_density_and_archive" time="0.338" /><testcase classname="tests.test_marginal_copula_fs" name="test_univariate_seasonal_api_dates_and_warm_start" time="0.117" /><testcase classname="tests.test_marginal_copula_fs" name="test_fixed_identity_copula_equals_independent_private_kernel" time="0.357" /><testcase classname="tests.test_marginal_copula_fs" name="test_support_contract_rejects_unsupported_scale_and_missing_data" time="0.201" /><testcase classname="tests.test_marginal_copula_fs" name="test_short_record_can_initialize_unobserved_seasonal_phases" time="0.023" /><testcase classname="tests.test_laplace_mh" name="test_version_plan_and_configuration_contract" time="0.006" /><testcase classname="tests.test_scale_models" name="test_public_phi_api_defaults_aliases_and_roundtrips" time="0.001" /></testsuite></testsuites>