<?xml version="1.0" encoding="utf-8"?><testsuites name="pytest tests"><testsuite name="pytest" errors="0" failures="0" skipped="0" tests="55" time="4.259" timestamp="2026-09-21T16:01:06.949971+02:00" hostname="localhost"><testcase classname="tests.test_exploration" name="test_calendar_mean_and_detrended_iqr_have_known_values" time="0.037" /><testcase classname="tests.test_exploration" name="test_missing_values_and_absent_months_are_counted" time="0.030" /><testcase classname="tests.test_exploration" name="test_period_index_and_series_input_preserve_meaning" time="0.015" /><testcase classname="tests.test_exploration" name="test_duplicate_calendar_months_are_rejected_even_with_different_days" time="0.003" /><testcase classname="tests.test_exploration" name="test_windows_do_not_silently_clip_to_available_data" time="0.002" /><testcase classname="tests.test_exploration" name="test_sparse_months_fail_before_producing_spread_estimates" time="0.004" /><testcase classname="tests.test_exploration" name="test_minimum_count_has_explicit_semantics[0]" time="0.001" /><testcase classname="tests.test_exploration" name="test_minimum_count_has_explicit_semantics[2]" time="0.001" /><testcase classname="tests.test_exploration" name="test_minimum_count_has_explicit_semantics[3.5]" time="0.001" /><testcase classname="tests.test_exploration" name="test_minimum_count_has_explicit_semantics[True]" time="0.002" /><testcase classname="tests.test_exploration" name="test_infinities_and_nondated_inputs_are_rejected" time="0.003" /><testcase classname="tests.test_exploration" name="test_save_records_plotted_values_original_data_and_empirical_bands" time="0.766" /><testcase classname="tests.test_exploration" name="test_serra_driver_uses_package_api_without_fitting" time="0.024" /><testcase classname="tests.test_results_and_data" name="test_safe_fit_archive_roundtrip_and_integrity[centered]" time="0.079" /><testcase classname="tests.test_results_and_data" name="test_safe_fit_archive_roundtrip_and_integrity[fruehwirth_schnatter]" time="0.038" /><testcase classname="tests.test_results_and_data" name="test_fs_forecast_ignores_private_vector_parameters_and_scores" time="0.030" /><testcase classname="tests.test_results_and_data" name="test_minimum_tail_results_stay_on_original_orientation" time="0.086" /><testcase classname="tests.test_results_and_data" name="test_combine_fits_preserves_chain_identity" time="0.038" /><testcase classname="tests.test_results_and_data" name="test_combine_deserialized_ssvs_fits_with_array_priors" time="0.111" /><testcase classname="tests.test_results_and_data" name="test_rank_diagnostics_detect_a_shifted_chain" time="0.004" /><testcase classname="tests.test_results_and_data" name="test_bundled_uccle_data_and_short_minimum_workflow" time="0.234" /><testcase classname="tests.test_results_and_data" name="test_explicit_single_series_directory_is_authoritative" time="0.003" /><testcase classname="tests.test_results_and_data" name="test_risk_methods_keep_compact_tuple_defaults" time="0.082" /><testcase classname="tests.test_results_and_data" name="test_single_uccle_cli_fits_and_inspects" time="0.041" /><testcase classname="tests.test_uccle_monthly" name="test_leap_month_definitions_and_export_roundtrip" time="0.030" /><testcase classname="tests.test_uccle_monthly" name="test_partial_boundary_months_are_explicitly_excluded" time="0.008" /><testcase classname="tests.test_uccle_monthly" name="test_incomplete_retained_months_fail_before_export[day]" time="0.006" /><testcase classname="tests.test_uccle_monthly" name="test_incomplete_retained_months_fail_before_export[whole_month]" time="0.004" /><testcase classname="tests.test_uccle_monthly" name="test_incomplete_retained_months_fail_before_export[TX]" time="0.006" /><testcase classname="tests.test_uccle_monthly" name="test_incomplete_retained_months_fail_before_export[TN]" time="0.005" /><testcase classname="tests.test_uccle_monthly" name="test_invalid_daily_input_is_rejected[duplicate]" time="0.001" /><testcase classname="tests.test_uccle_monthly" name="test_invalid_daily_input_is_rejected[missing_date]" time="0.001" /><testcase classname="tests.test_uccle_monthly" name="test_invalid_daily_input_is_rejected[time]" time="0.004" /><testcase classname="tests.test_uccle_monthly" name="test_invalid_daily_input_is_rejected[infinity]" time="0.002" /><testcase classname="tests.test_uccle_monthly" name="test_invalid_daily_input_is_rejected[column]" time="0.001" /><testcase classname="tests.test_uccle_monthly" name="test_explicit_source_and_legacy_directory_keyword" time="0.029" /><testcase classname="tests.test_uccle_monthly" name="test_reported_tn_above_tx_is_preserved_and_flagged" time="0.009" /><testcase classname="tests.test_uccle_monthly" name="test_daily_validation_requires_coverage_of_every_summary_month" time="0.028" /><testcase classname="tests.test_uccle_monthly" name="test_validation_reports_mismatch_and_cli_accepts_daily_source" time="0.034" /><testcase classname="tests.test_uccle_monthly" name="test_no_complete_month_is_an_error" time="0.004" /><testcase classname="tests.test_uccle_monthly" name="test_bundled_release_coverage_and_default_do_not_depend_on_cwd" time="0.236" /><testcase classname="tests.test_uccle_monthly" name="test_research_runner_can_initialize_updated_lower_extremes" time="0.192" /><testcase classname="tests.test_publication_reporting" name="test_style_is_scoped_even_when_plotting_raises" time="0.002" /><testcase classname="tests.test_publication_reporting" name="test_save_figure_finishes_pdf_and_preserves_old_output_on_failure" time="0.097" /><testcase classname="tests.test_publication_reporting" name="test_monthly_pit_retains_boundaries_and_case_denominators" time="0.004" /><testcase classname="tests.test_publication_reporting" name="test_monthly_coverage_keeps_directional_quantiles_distinct" time="0.008" /><testcase classname="tests.test_publication_reporting" name="test_trace_roundtrip_preserves_chains_and_rejects_missing_draws" time="0.005" /><testcase classname="tests.test_publication_reporting" name="test_report_discovery_rejects_ambiguous_model_runs" time="0.005" /><testcase classname="tests.test_publication_reporting" name="test_interval_and_risk_labels_cannot_be_silently_changed" time="0.004" /><testcase classname="tests.test_publication_reporting" name="test_dependence_requires_exactly_aligned_dates" time="0.008" /><testcase classname="tests.test_publication_reporting" name="test_missing_traces_are_marked_and_strict_export_fails" time="0.099" /><testcase classname="tests.test_publication_reporting" name="test_report_exports_initial_slope_and_honours_save_fits_false" time="0.594" /><testcase classname="tests.test_publication_reporting" name="test_revision_margins_are_matched_and_reach_august_2026" time="0.001" /><testcase classname="tests.test_historical_archives" name="test_real_v1_5_2_archive_loads_forecasts_and_resaves[gaussian]" time="0.016" /><testcase classname="tests.test_historical_archives" name="test_real_v1_5_2_archive_loads_forecasts_and_resaves[gev]" time="0.015" /></testsuite></testsuites>