<?xml version="1.0" encoding="utf-8"?><testsuites name="pytest tests"><testsuite name="pytest" errors="0" failures="0" skipped="0" tests="23" time="19.289" timestamp="2026-09-21T12:48:15.242958+02:00" hostname="localhost"><testcase classname="tests.test_parallel_chains" name="test_serial_parallel_identical_draws_and_saved_chain_axes[fs_gaussian]" time="1.364" /><testcase classname="tests.test_parallel_chains" name="test_serial_parallel_identical_draws_and_saved_chain_axes[fs_gev]" time="1.718" /><testcase classname="tests.test_parallel_chains" name="test_serial_parallel_identical_draws_and_saved_chain_axes[monthly]" time="1.269" /><testcase classname="tests.test_parallel_chains" name="test_serial_parallel_identical_draws_and_saved_chain_axes[copula]" time="2.023" /><testcase classname="tests.test_parallel_chains" name="test_serial_parallel_identical_draws_and_saved_chain_axes[disturbance]" time="1.282" /><testcase classname="tests.test_parallel_chains" name="test_serial_parallel_identical_draws_and_saved_chain_axes[hierarchy]" time="1.743" /><testcase classname="tests.test_parallel_chains" name="test_serial_parallel_identical_draws_and_saved_chain_axes[shared]" time="1.904" /><testcase classname="tests.test_parallel_chains" name="test_invalid_worker_counts_are_rejected[0]" time="0.000" /><testcase classname="tests.test_parallel_chains" name="test_invalid_worker_counts_are_rejected[-1]" time="0.000" /><testcase classname="tests.test_parallel_chains" name="test_invalid_worker_counts_are_rejected[1.5]" time="0.000" /><testcase classname="tests.test_parallel_chains" name="test_invalid_worker_counts_are_rejected[True]" time="0.000" /><testcase classname="tests.test_parallel_chains" name="test_invalid_worker_counts_are_rejected[4]" time="0.000" /><testcase classname="tests.test_parallel_chains" name="test_one_chain_caps_workers_and_keeps_seed" time="0.026" /><testcase classname="tests.test_parallel_chains" name="test_four_chains_keep_the_same_order_with_two_or_four_workers" time="2.871" /><testcase classname="tests.test_parallel_chains" name="test_parallel_errors_do_not_return_partial_posterior" time="1.745" /><testcase classname="tests.test_parallel_chains" name="test_shared_warm_start_selects_the_matching_chain" time="1.784" /><testcase classname="tests.test_prior_assessment" name="test_three_forecast_blocks_are_descriptive_and_whole_cases_are_paired" time="0.023" /><testcase classname="tests.test_prior_assessment" name="test_forecast_block_comparison_exposes_support_failures" time="0.020" /><testcase classname="tests.test_prior_assessment" name="test_prior_contraction_can_happen_without_a_shift" time="0.010" /><testcase classname="tests.test_prior_assessment" name="test_pilot_has_one_candidate_list_correct_dates_and_short_parallel_chains" time="0.013" /><testcase classname="tests.test_prior_assessment" name="test_sensitivity_paths_are_saved_without_figures_or_full_archives" time="0.244" /><testcase classname="tests.test_historical_archives" name="test_real_v1_5_2_archive_loads_forecasts_and_resaves[gaussian]" time="0.014" /><testcase classname="tests.test_historical_archives" name="test_real_v1_5_2_archive_loads_forecasts_and_resaves[gev]" time="0.015" /></testsuite></testsuites>