<?xml version="1.0" encoding="utf-8"?><testsuites name="pytest tests"><testsuite name="pytest" errors="0" failures="0" skipped="0" tests="33" time="21.140" timestamp="2026-09-16T23:09:27.159287+02:00" hostname="localhost"><testcase classname="tests.test_parameter_evolution" name="test_named_declarations_and_explicit_unsupported_parameters" time="0.001" /><testcase classname="tests.test_parameter_evolution" name="test_scale_slope_conditional_matches_independent_quadrature[gaussian]" time="1.054" /><testcase classname="tests.test_parameter_evolution" name="test_scale_slope_conditional_matches_independent_quadrature[gev]" time="3.779" /><testcase classname="tests.test_parameter_evolution" name="test_structural_scale_forecast_propagates_level_and_slope_noise" time="1.060" /><testcase classname="tests.test_parameter_evolution" name="test_mixed_copula_scale_evolution_roundtrip_and_components[normal]" time="1.840" /><testcase classname="tests.test_parameter_evolution" name="test_mixed_copula_scale_evolution_roundtrip_and_components[lasso]" time="2.007" /><testcase classname="tests.test_parameter_evolution" name="test_mixed_copula_scale_evolution_roundtrip_and_components[triple_gamma]" time="2.136" /><testcase classname="tests.test_parameter_evolution" name="test_structural_scale_simulation_rejects_missing_process_parameters" time="0.020" /><testcase classname="tests.test_period_estimands" name="test_monthly_period_average_does_not_silently_use_partial_periods" time="0.002" /><testcase classname="tests.test_period_estimands" name="test_period_contrasts_preserve_joint_cancellation" time="0.009" /><testcase classname="tests.test_period_estimands" name="test_constant_or_short_chains_are_not_reported_as_converged" time="0.006" /><testcase classname="tests.test_serra_protocol" name="test_primary_record_and_periods_reach_august_2026" time="0.164" /><testcase classname="tests.test_serra_protocol" name="test_historical_comparison_keeps_complete_climate_windows" time="0.066" /><testcase classname="tests.test_serra_protocol" name="test_five_core_variants_and_joint_sensitivity_use_same_models" time="0.001" /><testcase classname="tests.test_serra_protocol" name="test_reviewer_shape_grid_and_constant_scale_recovery" time="0.001" /><testcase classname="tests.test_continuous_private" name="test_gaussian_reference_matches_dense_conditioning_without_floor" time="0.001" /><testcase classname="tests.test_continuous_private" name="test_exact_gev_coefficient_slice_matches_quadrature" time="3.904" /><testcase classname="tests.test_continuous_private" name="test_prior_calibration_and_no_spike[normal]" time="0.028" /><testcase classname="tests.test_continuous_private" name="test_prior_calibration_and_no_spike[lasso]" time="0.026" /><testcase classname="tests.test_continuous_private" name="test_prior_calibration_and_no_spike[triple_gamma]" time="0.041" /><testcase classname="tests.test_continuous_private" name="test_lasso_zero_coefficient_has_non_degenerate_gamma_conditional" time="0.017" /><testcase classname="tests.test_continuous_private" name="test_asis_preserves_tiny_centered_paths_without_scale_floor" time="0.002" /><testcase classname="tests.test_continuous_private" name="test_independence_copula_preserves_every_continuous_kernel_draw[normal]" time="0.134" /><testcase classname="tests.test_continuous_private" name="test_independence_copula_preserves_every_continuous_kernel_draw[lasso]" time="0.144" /><testcase classname="tests.test_continuous_private" name="test_independence_copula_preserves_every_continuous_kernel_draw[triple_gamma]" time="0.160" /><testcase classname="tests.test_continuous_private" name="test_scale_and_seasonal_copula_calendar_forecast_restart[constant]" time="1.084" /><testcase classname="tests.test_continuous_private" name="test_scale_and_seasonal_copula_calendar_forecast_restart[linear]" time="1.026" /><testcase classname="tests.test_continuous_private" name="test_scale_and_seasonal_copula_calendar_forecast_restart[rw]" time="1.098" /><testcase classname="tests.test_continuous_private" name="test_seasonal_prior_baseline_and_zero_effects" time="0.003" /><testcase classname="tests.test_continuous_private" name="test_bivariate_quadrature_rare_events_and_known_identity" time="0.001" /><testcase classname="tests.test_continuous_private" name="test_config_inheritance_cycles_and_replacements" time="0.002" /><testcase classname="tests.test_continuous_private" name="test_static_auto_route_preserves_generic_api_and_accepts_explicit_fs_priors" time="0.020" /><testcase classname="tests.test_continuous_private" name="test_shape_prior_predictions_respect_asymmetric_model_support" time="0.013" /></testsuite></testsuites>