<?xml version="1.0" encoding="utf-8"?><testsuites name="pytest tests"><testsuite name="pytest" errors="0" failures="0" skipped="0" tests="30" time="10.097" timestamp="2026-09-15T22:57:53.845049+03:00" hostname="localhost"><testcase classname="tests.test_continuous_private" name="test_gaussian_reference_matches_dense_conditioning_without_floor" time="0.002" /><testcase classname="tests.test_continuous_private" name="test_exact_gev_coefficient_slice_matches_quadrature" time="4.096" /><testcase classname="tests.test_continuous_private" name="test_prior_calibration_and_no_spike[normal]" time="0.034" /><testcase classname="tests.test_continuous_private" name="test_prior_calibration_and_no_spike[lasso]" time="0.024" /><testcase classname="tests.test_continuous_private" name="test_prior_calibration_and_no_spike[triple_gamma]" time="0.056" /><testcase classname="tests.test_continuous_private" name="test_lasso_zero_coefficient_has_non_degenerate_gamma_conditional" time="0.018" /><testcase classname="tests.test_continuous_private" name="test_asis_preserves_tiny_centered_paths_without_scale_floor" time="0.003" /><testcase classname="tests.test_continuous_private" name="test_independence_copula_preserves_every_continuous_kernel_draw[normal]" time="0.157" /><testcase classname="tests.test_continuous_private" name="test_independence_copula_preserves_every_continuous_kernel_draw[lasso]" time="0.145" /><testcase classname="tests.test_continuous_private" name="test_independence_copula_preserves_every_continuous_kernel_draw[triple_gamma]" time="0.154" /><testcase classname="tests.test_continuous_private" name="test_scale_and_seasonal_copula_calendar_forecast_restart[constant]" time="1.076" /><testcase classname="tests.test_continuous_private" name="test_scale_and_seasonal_copula_calendar_forecast_restart[linear]" time="0.996" /><testcase classname="tests.test_continuous_private" name="test_scale_and_seasonal_copula_calendar_forecast_restart[rw]" time="1.273" /><testcase classname="tests.test_continuous_private" name="test_seasonal_prior_baseline_and_zero_effects" time="0.003" /><testcase classname="tests.test_continuous_private" name="test_bivariate_quadrature_rare_events_and_known_identity" time="0.001" /><testcase classname="tests.test_continuous_private" name="test_config_inheritance_cycles_and_replacements" time="0.001" /><testcase classname="tests.test_continuous_private" name="test_static_auto_route_preserves_generic_api_and_accepts_explicit_fs_priors" time="0.025" /><testcase classname="tests.test_continuous_private" name="test_shape_prior_predictions_respect_asymmetric_model_support" time="0.006" /><testcase classname="tests.test_historical_archives" name="test_real_v1_5_2_archive_loads_forecasts_and_resaves[gaussian]" time="0.016" /><testcase classname="tests.test_historical_archives" name="test_real_v1_5_2_archive_loads_forecasts_and_resaves[gev]" time="0.017" /><testcase classname="tests.test_marginal_copula_fs" name="test_conditional_margin_is_a_density_with_correct_curvature[observation0-None]" time="0.002" /><testcase classname="tests.test_marginal_copula_fs" name="test_conditional_margin_is_a_density_with_correct_curvature[observation1--0.35]" time="0.003" /><testcase classname="tests.test_marginal_copula_fs" name="test_conditional_margin_is_a_density_with_correct_curvature[observation2-0.3]" time="0.002" /><testcase classname="tests.test_marginal_copula_fs" name="test_conditional_margin_is_a_density_with_correct_curvature[observation3-0.0]" time="0.003" /><testcase classname="tests.test_marginal_copula_fs" name="test_conditional_scores_reflect_minima" time="0.000" /><testcase classname="tests.test_marginal_copula_fs" name="test_mixed_copula_seasonal_prediction_density_and_archive" time="0.334" /><testcase classname="tests.test_marginal_copula_fs" name="test_univariate_seasonal_api_dates_and_warm_start" time="0.088" /><testcase classname="tests.test_marginal_copula_fs" name="test_fixed_identity_copula_equals_independent_private_kernel" time="0.374" /><testcase classname="tests.test_marginal_copula_fs" name="test_support_contract_rejects_unsupported_scale_and_missing_data" time="0.204" /><testcase classname="tests.test_marginal_copula_fs" name="test_short_record_can_initialize_unobserved_seasonal_phases" time="0.025" /></testsuite></testsuites>