<?xml version="1.0" encoding="utf-8"?><testsuites name="pytest tests"><testsuite name="pytest" errors="0" failures="0" skipped="0" tests="13" time="1.873" timestamp="2026-09-20T17:00:02.492154+02:00" hostname="localhost"><testcase classname="tests.test_laplace_mh" name="test_version_plan_and_configuration_contract" time="0.006" /><testcase classname="tests.test_scale_models" name="test_public_phi_api_defaults_aliases_and_roundtrips" time="0.000" /><testcase classname="tests.test_publication_reporting" name="test_style_is_scoped_even_when_plotting_raises" time="0.001" /><testcase classname="tests.test_publication_reporting" name="test_save_figure_finishes_pdf_and_preserves_old_output_on_failure" time="0.233" /><testcase classname="tests.test_publication_reporting" name="test_monthly_pit_retains_boundaries_and_case_denominators" time="0.005" /><testcase classname="tests.test_publication_reporting" name="test_monthly_coverage_keeps_directional_quantiles_distinct" time="0.008" /><testcase classname="tests.test_publication_reporting" name="test_trace_roundtrip_preserves_chains_and_rejects_missing_draws" time="0.004" /><testcase classname="tests.test_publication_reporting" name="test_report_discovery_rejects_ambiguous_model_runs" time="0.008" /><testcase classname="tests.test_publication_reporting" name="test_interval_and_risk_labels_cannot_be_silently_changed" time="0.004" /><testcase classname="tests.test_publication_reporting" name="test_dependence_requires_exactly_aligned_dates" time="0.008" /><testcase classname="tests.test_publication_reporting" name="test_missing_traces_are_marked_and_strict_export_fails" time="0.092" /><testcase classname="tests.test_publication_reporting" name="test_report_exports_initial_slope_and_honours_save_fits_false" time="0.504" /><testcase classname="tests.test_publication_reporting" name="test_revision_margins_are_matched_and_reach_august_2026" time="0.002" /></testsuite></testsuites>