<?xml version="1.0" encoding="utf-8"?><testsuites name="pytest tests"><testsuite name="pytest" errors="0" failures="0" skipped="0" tests="9" time="6.381" timestamp="2026-09-18T00:24:05.488403+02:00" hostname="localhost"><testcase classname="work.171-installed-tests.test_coefficient_reference" name="test_exact_slice_matches_gev_quadrature_including_copula[False--0.45]" time="1.021" /><testcase classname="work.171-installed-tests.test_coefficient_reference" name="test_exact_slice_matches_gev_quadrature_including_copula[False-0.0]" time="0.781" /><testcase classname="work.171-installed-tests.test_coefficient_reference" name="test_exact_slice_matches_gev_quadrature_including_copula[False-0.45]" time="0.876" /><testcase classname="work.171-installed-tests.test_coefficient_reference" name="test_exact_slice_matches_gev_quadrature_including_copula[True--0.45]" time="0.923" /><testcase classname="work.171-installed-tests.test_coefficient_reference" name="test_exact_slice_matches_gev_quadrature_including_copula[True-0.0]" time="0.818" /><testcase classname="work.171-installed-tests.test_coefficient_reference" name="test_exact_slice_matches_gev_quadrature_including_copula[True-0.45]" time="0.880" /><testcase classname="work.171-installed-tests.test_coefficient_reference" name="test_long_record_reference_is_near_conditional_mode_and_moves" time="0.200" /><testcase classname="work.171-installed-tests.test_coefficient_reference" name="test_deterministic_support_repair_does_not_need_current_coefficients[-0.4--20.0]" time="0.010" /><testcase classname="work.171-installed-tests.test_coefficient_reference" name="test_deterministic_support_repair_does_not_need_current_coefficients[0.4-20.0]" time="0.018" /></testsuite></testsuites>