<?xml version="1.0" encoding="utf-8"?><testsuites name="pytest tests"><testsuite name="pytest" errors="0" failures="0" skipped="0" tests="14" time="6.772" timestamp="2026-09-18T00:15:44.366484+02:00" hostname="localhost"><testcase classname="tests.test_coefficient_reference" name="test_exact_slice_matches_gev_quadrature_including_copula[False--0.45]" time="0.928" /><testcase classname="tests.test_coefficient_reference" name="test_exact_slice_matches_gev_quadrature_including_copula[False-0.0]" time="0.773" /><testcase classname="tests.test_coefficient_reference" name="test_exact_slice_matches_gev_quadrature_including_copula[False-0.45]" time="0.856" /><testcase classname="tests.test_coefficient_reference" name="test_exact_slice_matches_gev_quadrature_including_copula[True--0.45]" time="0.929" /><testcase classname="tests.test_coefficient_reference" name="test_exact_slice_matches_gev_quadrature_including_copula[True-0.0]" time="0.805" /><testcase classname="tests.test_coefficient_reference" name="test_exact_slice_matches_gev_quadrature_including_copula[True-0.45]" time="0.874" /><testcase classname="tests.test_coefficient_reference" name="test_long_record_reference_is_near_conditional_mode_and_moves" time="0.203" /><testcase classname="tests.test_coefficient_reference" name="test_deterministic_support_repair_does_not_need_current_coefficients[-0.4--20.0]" time="0.009" /><testcase classname="tests.test_coefficient_reference" name="test_deterministic_support_repair_does_not_need_current_coefficients[0.4-20.0]" time="0.017" /><testcase classname="tests.test_serra_protocol" name="test_primary_record_and_periods_reach_august_2026" time="0.132" /><testcase classname="tests.test_serra_protocol" name="test_historical_comparison_keeps_complete_climate_windows" time="0.071" /><testcase classname="tests.test_serra_protocol" name="test_five_core_variants_and_joint_sensitivity_use_same_models" time="0.001" /><testcase classname="tests.test_serra_protocol" name="test_reviewer_shape_grid_and_constant_scale_recovery" time="0.001" /><testcase classname="tests.test_serra_protocol" name="test_focused_level_sensitivity_changes_only_level_prior" time="0.001" /></testsuite></testsuites>