<?xml version="1.0" encoding="utf-8"?><testsuites name="pytest tests"><testsuite name="pytest" errors="0" failures="0" skipped="0" tests="43" time="22.879" timestamp="2026-09-13T19:42:28.165654+01:00" hostname="localhost"><testcase classname="tests.test_copula_math" name="test_lkj_transform_matches_finite_difference_jacobian" time="0.004" /><testcase classname="tests.test_copula_math" name="test_bivariate_lkj_transformed_density_normalizes[0.5]" time="0.007" /><testcase classname="tests.test_copula_math" name="test_bivariate_lkj_transformed_density_normalizes[1.0]" time="0.006" /><testcase classname="tests.test_copula_math" name="test_bivariate_lkj_transformed_density_normalizes[2.0]" time="0.004" /><testcase classname="tests.test_copula_math" name="test_bivariate_lkj_transformed_density_normalizes[5.0]" time="0.005" /><testcase classname="tests.test_copula_math" name="test_copula_declaration_prior_and_fixed_serialization" time="0.001" /><testcase classname="tests.test_copula_math" name="test_lkj_prior_draw_correlation_marginal_moments" time="0.705" /><testcase classname="tests.test_copula_math" name="test_copula_density_is_multivariate_normal_density_ratio_with_missing_data" time="0.002" /><testcase classname="tests.test_copula_math" name="test_mixed_normal_scores_and_inverse_respect_minimum_orientation[-0.5]" time="0.001" /><testcase classname="tests.test_copula_math" name="test_mixed_normal_scores_and_inverse_respect_minimum_orientation[-0.2]" time="0.001" /><testcase classname="tests.test_copula_math" name="test_mixed_normal_scores_and_inverse_respect_minimum_orientation[0]" time="0.001" /><testcase classname="tests.test_copula_math" name="test_mixed_normal_scores_and_inverse_respect_minimum_orientation[1e-10]" time="0.001" /><testcase classname="tests.test_copula_math" name="test_mixed_normal_scores_and_inverse_respect_minimum_orientation[0.2]" time="0.001" /><testcase classname="tests.test_copula_math" name="test_mixed_normal_scores_and_inverse_respect_minimum_orientation[0.5]" time="0.001" /><testcase classname="tests.test_copula_math" name="test_normal_score_tail_arithmetic_does_not_clip_probabilities" time="0.001" /><testcase classname="tests.test_copula_math" name="test_invalid_support_is_rejected_and_missing_margin_remains_missing" time="0.000" /><testcase classname="tests.test_copula_math" name="test_single_observation_and_multiple_leading_dimensions" time="0.001" /><testcase classname="tests.test_copula_math" name="test_correlated_draws_have_correct_margins_and_correlation" time="0.002" /><testcase classname="tests.test_copula_math" name="test_joint_copula_derivatives_match_full_likelihood_finite_differences[-0.5]" time="0.048" /><testcase classname="tests.test_copula_math" name="test_joint_copula_derivatives_match_full_likelihood_finite_differences[-0.2]" time="0.045" /><testcase classname="tests.test_copula_math" name="test_joint_copula_derivatives_match_full_likelihood_finite_differences[0.0]" time="0.043" /><testcase classname="tests.test_copula_math" name="test_joint_copula_derivatives_match_full_likelihood_finite_differences[0.2]" time="0.043" /><testcase classname="tests.test_copula_math" name="test_joint_copula_derivatives_match_full_likelihood_finite_differences[0.5]" time="0.045" /><testcase classname="tests.test_copula_math" name="test_joint_gaussian_derivatives_are_exact_observed_covariance_precision" time="0.001" /><testcase classname="tests.test_copula_inference" name="test_copula_without_factor_is_full_joint_model_and_roundtrips" time="0.054" /><testcase classname="tests.test_copula_inference" name="test_copula_mixed_sigma_shape_and_ess_targets_include_all_channels" time="0.095" /><testcase classname="tests.test_copula_inference" name="test_gaussian_sigma_is_not_conjugate_under_copula" time="0.036" /><testcase classname="tests.test_copula_inference" name="test_identity_copula_recovers_exact_gaussian_proposal_acceptance" time="0.022" /><testcase classname="tests.test_copula_inference" name="test_copula_ffbs_rejected_and_hierarchical_prior_not_silently_ignored" time="0.003" /><testcase classname="tests.test_copula_inference" name="test_strong_gaussian_copula_has_exact_full_covariance_proposal" time="0.031" /><testcase classname="tests.test_copula_inference" name="test_full_curvature_stabilization_preserves_score_and_missing_margins" time="0.001" /><testcase classname="tests.test_copula_inference" name="test_gaussian_copula_exact_covariance_is_not_modified_by_newton_limits" time="0.003" /><testcase classname="tests.test_copula_prediction" name="test_joint_predictive_covariance_and_gaussian_density" time="13.230" /><testcase classname="tests.test_copula_prediction" name="test_mixed_minimum_copula_orientation_preserved" time="8.285" /><testcase classname="tests.test_copula_prediction" name="test_joint_score_averages_joint_density_before_mixing" time="0.007" /><testcase classname="tests.test_copula_prediction" name="test_copula_regression_forecast_requires_and_uses_future_covariates" time="0.010" /><testcase classname="tests.test_copula_prediction" name="test_joint_score_marginalizes_missing_channels" time="0.004" /><testcase classname="tests.test_ordering_diagnostics" name="test_ordering_reports_union_and_original_samples_unchanged" time="0.002" /><testcase classname="tests.test_ordering_diagnostics" name="test_observed_only_ordering_and_tolerance_are_explicit" time="0.001" /><testcase classname="tests.test_ordering_diagnostics" name="test_compound_probabilities_retain_joint_dependence" time="0.000" /><testcase classname="tests.test_ordering_diagnostics" name="test_bundled_uccle_order_inequalities_are_valid" time="0.063" /><testcase classname="tests.test_ordering_diagnostics" name="test_uccle_loader_supports_single_series_fallback" time="0.011" /><testcase classname="tests.test_copula_reference" name="test_full_covariance_kalman_matches_dense_missing_data_conditioning" time="0.007" /></testsuite></testsuites>