<?xml version="1.0" encoding="utf-8"?><testsuites name="pytest tests"><testsuite name="pytest" errors="0" failures="0" skipped="0" tests="45" time="18.055" timestamp="2026-09-23T15:53:04.169697+02:00" hostname="57f089007810"><testcase classname="tests.test_seasonal_workflow" name="test_complete_seasons_include_last_summer_and_weight_daily_means" time="0.046" /><testcase classname="tests.test_seasonal_workflow" name="test_missing_daily_data_are_never_silently_replaced" time="0.034" /><testcase classname="tests.test_seasonal_workflow" name="test_actual_uccle_window_and_ordering" time="3.140" /><testcase classname="tests.test_seasonal_workflow" name="test_calendar_scale_and_copula_phases_survive_serialization" time="0.008" /><testcase classname="tests.test_seasonal_workflow" name="test_origin_requires_complete_season_no_future_month_leakage" time="0.006" /><testcase classname="tests.test_seasonal_workflow" name="test_quarterly_year_uses_actual_days_and_complete_djf" time="0.010" /><testcase classname="tests.test_seasonal_workflow" name="test_aggregate_extreme_density_against_stationary_order_statistic[-0.2-upper]" time="0.004" /><testcase classname="tests.test_seasonal_workflow" name="test_aggregate_extreme_density_against_stationary_order_statistic[-0.2-lower]" time="0.004" /><testcase classname="tests.test_seasonal_workflow" name="test_aggregate_extreme_density_against_stationary_order_statistic[0.0-upper]" time="0.005" /><testcase classname="tests.test_seasonal_workflow" name="test_aggregate_extreme_density_against_stationary_order_statistic[0.0-lower]" time="0.004" /><testcase classname="tests.test_seasonal_workflow" name="test_aggregate_extreme_density_against_stationary_order_statistic[0.2-upper]" time="0.003" /><testcase classname="tests.test_seasonal_workflow" name="test_aggregate_extreme_density_against_stationary_order_statistic[0.2-lower]" time="0.003" /><testcase classname="tests.test_seasonal_workflow" name="test_aggregate_density_at_support_edge_has_no_nan" time="0.003" /><testcase classname="tests.test_seasonal_workflow" name="test_gaussian_seasonal_density_and_score_are_for_weighted_mean" time="0.013" /><testcase classname="tests.test_seasonal_workflow" name="test_physical_priors_match_over_30_years_and_width_sensitivity" time="0.019" /><testcase classname="tests.test_seasonal_workflow" name="test_rank_ties_and_run_definition_across_season_boundary" time="0.012" /><testcase classname="tests.test_seasonal_workflow" name="test_seasonal_adequacy_reports_keep_quarterly_units" time="11.168" /><testcase classname="tests.test_calendar_forecasts" name="test_gaussian_annual_mean_day_weights_and_conditional_noise_variance" time="0.004" /><testcase classname="tests.test_calendar_forecasts" name="test_partial_2026_is_omitted_and_djf_uses_ending_year" time="0.008" /><testcase classname="tests.test_calendar_forecasts" name="test_no_complete_year_returns_empty_not_a_fake_annual_value" time="0.004" /><testcase classname="tests.test_calendar_forecasts" name="test_gev_aggregate_risks_use_original_orientation_and_common_draw[upper-max]" time="0.004" /><testcase classname="tests.test_calendar_forecasts" name="test_gev_aggregate_risks_use_original_orientation_and_common_draw[lower-min]" time="0.004" /><testcase classname="tests.test_calendar_forecasts" name="test_joint_and_separate_marginal_aggregation_agree" time="0.007" /><testcase classname="tests.test_calendar_forecasts" name="test_mean_risk_is_distinct_from_at_least_one_exceedance" time="0.003" /><testcase classname="tests.test_calendar_forecasts" name="test_nonmonthly_calendar_inputs_are_rejected[dates0]" time="0.001" /><testcase classname="tests.test_calendar_forecasts" name="test_nonmonthly_calendar_inputs_are_rejected[dates1]" time="0.001" /><testcase classname="tests.test_calendar_forecasts" name="test_nonmonthly_calendar_inputs_are_rejected[dates2]" time="0.001" /><testcase classname="tests.test_calendar_forecasts" name="test_custom_months_and_risk_direction_validation" time="0.003" /><testcase classname="tests.test_calendar_forecasts" name="test_month_risk_summaries_integrate_probabilities_not_simulated_events" time="0.002" /><testcase classname="tests.test_prior_assessment" name="test_three_forecast_blocks_are_descriptive_and_whole_cases_are_paired" time="0.029" /><testcase classname="tests.test_prior_assessment" name="test_forecast_block_comparison_exposes_support_failures" time="0.031" /><testcase classname="tests.test_prior_assessment" name="test_prior_contraction_can_happen_without_a_shift" time="0.011" /><testcase classname="tests.test_prior_assessment" name="test_pilot_has_one_candidate_list_correct_dates_and_short_parallel_chains" time="0.013" /><testcase classname="tests.test_prior_assessment" name="test_sensitivity_paths_are_saved_without_figures_or_full_archives" time="0.369" /><testcase classname="tests.test_publication_reporting" name="test_style_is_scoped_even_when_plotting_raises" time="0.001" /><testcase classname="tests.test_publication_reporting" name="test_save_figure_finishes_pdf_and_preserves_old_output_on_failure" time="0.215" /><testcase classname="tests.test_publication_reporting" name="test_monthly_pit_retains_boundaries_and_case_denominators" time="0.004" /><testcase classname="tests.test_publication_reporting" name="test_monthly_coverage_keeps_directional_quantiles_distinct" time="0.008" /><testcase classname="tests.test_publication_reporting" name="test_trace_roundtrip_preserves_chains_and_rejects_missing_draws" time="0.006" /><testcase classname="tests.test_publication_reporting" name="test_report_discovery_rejects_ambiguous_model_runs" time="0.007" /><testcase classname="tests.test_publication_reporting" name="test_interval_and_risk_labels_cannot_be_silently_changed" time="0.006" /><testcase classname="tests.test_publication_reporting" name="test_dependence_requires_exactly_aligned_dates" time="0.013" /><testcase classname="tests.test_publication_reporting" name="test_missing_traces_are_marked_and_strict_export_fails" time="0.131" /><testcase classname="tests.test_publication_reporting" name="test_report_exports_initial_slope_and_honours_save_fits_false" time="0.807" /><testcase classname="tests.test_publication_reporting" name="test_revision_margins_are_matched_and_reach_august_2026" time="0.002" /></testsuite></testsuites>